train num is 62787
test  num is 12694

P1空间计算 0.044689223255081144 0.006932913548618237
P2空间计算 0.04974003466204507 0.009664670923267015

Epoch 1/30
 - 27s - loss: 118.1897 - decoder_out_loss: 0.7158 - recons_output_loss: 46.6138 - decoder_2_out_loss: 1.8200

P1空间计算 0.3365850007877738 0.19977708171743352
P2空间计算 0.11122341263589099 0.024820512248704563

Epoch 2/30
 - 28s - loss: 30.6812 - decoder_out_loss: 0.2355 - recons_output_loss: 7.1307 - decoder_2_out_loss: 1.7567

P1空间计算 0.3605329289428076 0.2154499121137888
P2空间计算 0.1332586261225776 0.03580241362363445

Epoch 3/30
 - 30s - loss: 22.0642 - decoder_out_loss: 0.1733 - recons_output_loss: 4.7313 - decoder_2_out_loss: 1.7422

P1空间计算 0.38010438002205765 0.2378235334165391
P2空间计算 0.12612139593508745 0.03535983595215193

Epoch 4/30
 - 24s - loss: 18.2722 - decoder_out_loss: 0.1447 - recons_output_loss: 3.8063 - decoder_2_out_loss: 1.7779

P1空间计算 0.40122971482590203 0.2584569285937116
P2空间计算 0.12662596502284545 0.03601500043123635

Epoch 5/30
 - 24s - loss: 16.4829 - decoder_out_loss: 0.1254 - recons_output_loss: 3.9429 - decoder_2_out_loss: 1.7734

P1空间计算 0.40270442728848277 0.2607538197587321
P2空间计算 0.13548014810146528 0.039628210632045545

Epoch 6/30
 - 23s - loss: 14.5460 - decoder_out_loss: 0.1119 - recons_output_loss: 3.3552 - decoder_2_out_loss: 1.7525

P1空间计算 0.397801717346778 0.25188746509559184
P2空间计算 0.12554947219158658 0.03590951858714553

Epoch 7/30
 - 24s - loss: 13.0057 - decoder_out_loss: 0.0965 - recons_output_loss: 3.3548 - decoder_2_out_loss: 1.7639

P1空间计算 0.3996596817394044 0.25254025894711846
P2空间计算 0.13417598865605798 0.038227306158537595

Epoch 8/30
 - 24s - loss: 12.2603 - decoder_out_loss: 0.0924 - recons_output_loss: 3.0218 - decoder_2_out_loss: 1.7233

P1空间计算 0.4003048684417835 0.2596185368345393
P2空间计算 0.12551638569402865 0.0399981333859571

Epoch 9/30
 - 24s - loss: 14.5975 - decoder_out_loss: 0.0855 - recons_output_loss: 6.0462 - decoder_2_out_loss: 1.7203

P1空间计算 0.40327162438947534 0.25651639241126595
P2空间计算 0.12454348511107612 0.036382212508314915

Epoch 10/30
 - 24s - loss: 11.1044 - decoder_out_loss: 0.0780 - recons_output_loss: 3.3016 - decoder_2_out_loss: 1.7159

P1空间计算 0.40965771230502596 0.2677825195876145
P2空间计算 0.12631597605167796 0.03927816613426087

Epoch 11/30
 - 24s - loss: 10.5336 - decoder_out_loss: 0.0735 - recons_output_loss: 3.1839 - decoder_2_out_loss: 1.7186

P1空间计算 0.41141169056247046 0.267664813864492
P2空间计算 0.13454663620608162 0.04546571770686381

Epoch 12/30
 - 26s - loss: 10.5073 - decoder_out_loss: 0.0744 - recons_output_loss: 3.0678 - decoder_2_out_loss: 1.7052

P1空间计算 0.41079250039388693 0.27043989823922754
P2空间计算 0.11950173310225304 0.032832070185560905

Epoch 13/30
 - 24s - loss: 9.5577 - decoder_out_loss: 0.0681 - recons_output_loss: 2.7474 - decoder_2_out_loss: 1.7178

P1空间计算 0.4225862612257759 0.2783625970887043
P2空间计算 0.13330352922640618 0.04341940951252337

Epoch 14/30
 - 25s - loss: 9.1247 - decoder_out_loss: 0.0634 - recons_output_loss: 2.7855 - decoder_2_out_loss: 1.6943

P1空间计算 0.42072750905939815 0.28000851357678785
P2空间计算 0.12366629903891603 0.03671422585373575

Epoch 15/30
 - 23s - loss: 8.6941 - decoder_out_loss: 0.0608 - recons_output_loss: 2.6167 - decoder_2_out_loss: 1.7289

P1空间计算 0.41457145107925003 0.2726363475306764
P2空间计算 0.1309610839766819 0.04228069674239216

Epoch 16/30
 - 23s - loss: 8.3126 - decoder_out_loss: 0.0576 - recons_output_loss: 2.5528 - decoder_2_out_loss: 1.7568

P1空间计算 0.4141440838191272 0.27216373332696264
P2空间计算 0.1314723491413266 0.04292901567532002

Epoch 17/30
 - 24s - loss: 9.2166 - decoder_out_loss: 0.0554 - recons_output_loss: 3.6763 - decoder_2_out_loss: 1.7698

P1空间计算 0.41212541358121946 0.2681700511964476
P2空间计算 0.12146132030880731 0.0369035912905953

Epoch 18/30
 - 23s - loss: 8.3771 - decoder_out_loss: 0.0538 - recons_output_loss: 3.0021 - decoder_2_out_loss: 1.8313

P1空间计算 0.4188183393729321 0.2754545420816789
P2空间计算 0.1223416574759729 0.036023633875717435

Epoch 19/30
 - 24s - loss: 8.3722 - decoder_out_loss: 0.0530 - recons_output_loss: 3.0689 - decoder_2_out_loss: 1.7087

P1空间计算 0.4240042539782575 0.27905611693811916
P2空间计算 0.11980305656215537 0.034525663379879716

Epoch 20/30
 - 28s - loss: 7.8149 - decoder_out_loss: 0.0502 - recons_output_loss: 2.7986 - decoder_2_out_loss: 1.7577

P1空间计算 0.4067878525287537 0.2657952337050901
P2空间计算 0.1242417677642981 0.03639078043855899

Epoch 21/30
 - 25s - loss: 7.5929 - decoder_out_loss: 0.0492 - recons_output_loss: 2.6703 - decoder_2_out_loss: 1.7216

P1空间计算 0.42916692925791716 0.2873018284947888
P2空间计算 0.1329273672601229 0.04033726949949597

Epoch 22/30
 - 23s - loss: 7.5837 - decoder_out_loss: 0.0490 - recons_output_loss: 2.6870 - decoder_2_out_loss: 1.7053

P1空间计算 0.4234654167323144 0.2845361656769707
P2空间计算 0.12269615566409328 0.036810692930324455

Epoch 23/30
 - 24s - loss: 7.3957 - decoder_out_loss: 0.0463 - recons_output_loss: 2.7626 - decoder_2_out_loss: 1.6844

P1空间计算 0.41575783834882624 0.2736378588593167
P2空间计算 0.1246986765400977 0.03849694691315

Epoch 24/30
 - 25s - loss: 6.8167 - decoder_out_loss: 0.0446 - recons_output_loss: 2.3539 - decoder_2_out_loss: 1.6752

P1空间计算 0.42581416417204976 0.28260145709312434
P2空间计算 0.11926028044745549 0.03521089951095374

Epoch 25/30
 - 24s - loss: 7.1387 - decoder_out_loss: 0.0460 - recons_output_loss: 2.5426 - decoder_2_out_loss: 1.7425

P1空间计算 0.4212927367260123 0.2783450578102411
P2空间计算 0.12103710414368994 0.03453502991646575

Epoch 26/30
 - 26s - loss: 6.6334 - decoder_out_loss: 0.0430 - recons_output_loss: 2.3323 - decoder_2_out_loss: 1.7332

P1空间计算 0.425446273830156 0.2851240730020278
P2空间计算 0.12591106034346936 0.03839453785604862

Epoch 27/30
 - 24s - loss: 6.8433 - decoder_out_loss: 0.0416 - recons_output_loss: 2.6844 - decoder_2_out_loss: 1.7395

P1空间计算 0.4185181975736568 0.2731641799821398
P2空间计算 0.1213809673861667 0.03638188882315732

Epoch 28/30
 - 24s - loss: 6.7037 - decoder_out_loss: 0.0423 - recons_output_loss: 2.4735 - decoder_2_out_loss: 1.7235

P1空间计算 0.42437135654639985 0.2796141539473988
P2空间计算 0.11554080668032142 0.031169053671166545

Epoch 29/30
 - 25s - loss: 6.3615 - decoder_out_loss: 0.0397 - recons_output_loss: 2.3920 - decoder_2_out_loss: 1.7610

P1空间计算 0.409276035922483 0.26464457075994186
P2空间计算 0.11649204348511108 0.032928067503207994

Epoch 30/30
 - 25s - loss: 6.2641 - decoder_out_loss: 0.0388 - recons_output_loss: 2.3867 - decoder_2_out_loss: 1.7120

P1空间计算 0.4303257444461951 0.28668543769176497
P2空间计算 0.12960296202930519 0.039659404710337104

Epoch 1/30
 - 27s - loss: 27.2116 - decoder_out_loss: 0.0385 - recons_output_loss: 2.5655 - decoder_2_out_loss: 0.2079

P1空间计算 0.4397758783677328 0.29899874881375427
P2空间计算 0.3491562943122736 0.21950823906324252

Epoch 2/30
 - 26s - loss: 13.9348 - decoder_out_loss: 0.0378 - recons_output_loss: 2.3269 - decoder_2_out_loss: 0.0783

P1空间计算 0.4385567984874744 0.29671082141084176
P2空间计算 0.3518240901213171 0.2208838593541863

Epoch 3/30
 - 27s - loss: 13.5509 - decoder_out_loss: 0.0406 - recons_output_loss: 2.0277 - decoder_2_out_loss: 0.0746

P1空间计算 0.43839727430282016 0.29830385591691616
P2空间计算 0.3520671183236174 0.2276391085797527

Epoch 4/30
 - 26s - loss: 12.2298 - decoder_out_loss: 0.0389 - recons_output_loss: 1.9165 - decoder_2_out_loss: 0.0643

P1空间计算 0.43804986607846225 0.29957012583555476
P2空间计算 0.3784606900898062 0.2517536884745742

Epoch 5/30
 - 23s - loss: 12.1733 - decoder_out_loss: 0.0399 - recons_output_loss: 2.1496 - decoder_2_out_loss: 0.0604

P1空间计算 0.4426240743658421 0.3037757209526565
P2空间计算 0.36112336536946593 0.24495345901226975

Epoch 6/30
 - 24s - loss: 11.3299 - decoder_out_loss: 0.0399 - recons_output_loss: 2.0807 - decoder_2_out_loss: 0.0526

P1空间计算 0.44307901370726327 0.3031759180599763
P2空间计算 0.36378052623286594 0.24411915377630514

Epoch 7/30
 - 27s - loss: 11.4656 - decoder_out_loss: 0.0396 - recons_output_loss: 2.0276 - decoder_2_out_loss: 0.0548

P1空间计算 0.44377816291161176 0.3053007918531919
P2空间计算 0.38894320151252565 0.26664131973853206

Epoch 8/30
 - 24s - loss: 10.3525 - decoder_out_loss: 0.0379 - recons_output_loss: 1.8204 - decoder_2_out_loss: 0.0474

P1空间计算 0.4432767449188593 0.3053538441989141
P2空间计算 0.3795742082873799 0.25618539207466573

Epoch 9/30
 - 26s - loss: 10.8141 - decoder_out_loss: 0.0392 - recons_output_loss: 2.0676 - decoder_2_out_loss: 0.0482

P1空间计算 0.44816763825429345 0.3077758497962979
P2空间计算 0.39444422561840237 0.2668850212007556

Epoch 10/30
 - 25s - loss: 10.1841 - decoder_out_loss: 0.0375 - recons_output_loss: 2.0518 - decoder_2_out_loss: 0.0438

P1空间计算 0.44123877422404284 0.3008351905541604
P2空间计算 0.3772672128564676 0.24658352108084267

Epoch 11/30
 - 25s - loss: 9.8845 - decoder_out_loss: 0.0366 - recons_output_loss: 1.8705 - decoder_2_out_loss: 0.0436

P1空间计算 0.44651331337639827 0.3073287639265281
P2空间计算 0.39169056247045847 0.26377796389690894

Epoch 12/30
 - 28s - loss: 9.8156 - decoder_out_loss: 0.0376 - recons_output_loss: 2.0681 - decoder_2_out_loss: 0.0399

P1空间计算 0.4426603119584055 0.3038257807264666
P2空间计算 0.3643189695919333 0.23974126283258637

Epoch 13/30
 - 26s - loss: 9.9060 - decoder_out_loss: 0.0374 - recons_output_loss: 1.9889 - decoder_2_out_loss: 0.0418

P1空间计算 0.44734559634472976 0.3064828246087533
P2空间计算 0.3604439105089019 0.23105959220023098

Epoch 14/30
 - 26s - loss: 9.8356 - decoder_out_loss: 0.0383 - recons_output_loss: 1.7828 - decoder_2_out_loss: 0.0422

P1空间计算 0.4488187332598078 0.30844542670239367
P2空间计算 0.37703678903418936 0.24675453156227842

Epoch 15/30
 - 24s - loss: 9.7485 - decoder_out_loss: 0.0382 - recons_output_loss: 1.9567 - decoder_2_out_loss: 0.0397

P1空间计算 0.442029699070427 0.3018217284623188
P2空间计算 0.3605691665353711 0.23221866541641897

Epoch 16/30
 - 26s - loss: 9.5529 - decoder_out_loss: 0.0374 - recons_output_loss: 1.9088 - decoder_2_out_loss: 0.0390

P1空间计算 0.4444209862927367 0.30354171042659006
P2空间计算 0.3635477390893335 0.22814208755604345

Epoch 17/30
 - 24s - loss: 8.7901 - decoder_out_loss: 0.0356 - recons_output_loss: 1.8835 - decoder_2_out_loss: 0.0335

P1空间计算 0.4472242791870175 0.30612509584228015
P2空间计算 0.37193634788088864 0.24311093421311752

Epoch 18/30
 - 27s - loss: 9.2123 - decoder_out_loss: 0.0358 - recons_output_loss: 1.8755 - decoder_2_out_loss: 0.0375

P1空间计算 0.44405467149834565 0.3056146237305168
P2空间计算 0.3744461950527809 0.2511836978343822

Epoch 19/30
 - 27s - loss: 9.1157 - decoder_out_loss: 0.0358 - recons_output_loss: 1.9303 - decoder_2_out_loss: 0.0360

P1空间计算 0.43920828737986456 0.2993475610361082
P2空间计算 0.3452568142429494 0.21339794739854723

Epoch 20/30
 - 25s - loss: 8.3999 - decoder_out_loss: 0.0343 - recons_output_loss: 1.8415 - decoder_2_out_loss: 0.0313

P1空间计算 0.4444926737041121 0.3041298070896833
P2空间计算 0.3811229714825902 0.24817511576159804

Epoch 21/30
 - 27s - loss: 9.4996 - decoder_out_loss: 0.0369 - recons_output_loss: 1.9777 - decoder_2_out_loss: 0.0383

P1空间计算 0.44205884669922796 0.30137658514119514
P2空间计算 0.3829923585946116 0.24971567342079282

Epoch 22/30
 - 26s - loss: 8.8775 - decoder_out_loss: 0.0361 - recons_output_loss: 1.7790 - decoder_2_out_loss: 0.0348

P1空间计算 0.44689065700330866 0.3080018061182472
P2空间计算 0.3784461162754057 0.2496151564590049

Epoch 23/30
 - 24s - loss: 8.3212 - decoder_out_loss: 0.0332 - recons_output_loss: 1.8411 - decoder_2_out_loss: 0.0316

P1空间计算 0.4521025681424295 0.31220746752163003
P2空间计算 0.3957113596974949 0.2635988446247631

Epoch 24/30
 - 24s - loss: 8.4479 - decoder_out_loss: 0.0354 - recons_output_loss: 1.6883 - decoder_2_out_loss: 0.0322

P1空间计算 0.4471254135812195 0.3077163770778771
P2空间计算 0.37002048211753585 0.23959187054637365

Epoch 25/30
 - 26s - loss: 8.1606 - decoder_out_loss: 0.0333 - recons_output_loss: 1.6348 - decoder_2_out_loss: 0.0319

P1空间计算 0.4480262328659209 0.3093490118756884
P2空间计算 0.3799637624074366 0.253244145290406

Epoch 26/30
 - 25s - loss: 8.7116 - decoder_out_loss: 0.0358 - recons_output_loss: 1.7425 - decoder_2_out_loss: 0.0339

P1空间计算 0.4441141484165748 0.303086767340303
P2空间计算 0.3850129982668977 0.25320953230866505

Epoch 27/30
 - 27s - loss: 8.1713 - decoder_out_loss: 0.0334 - recons_output_loss: 1.7285 - decoder_2_out_loss: 0.0310

P1空间计算 0.4474149204348511 0.3080571560113791
P2空间计算 0.3752729636048527 0.24691134241766466

Epoch 28/30
 - 27s - loss: 7.8811 - decoder_out_loss: 0.0330 - recons_output_loss: 1.6093 - decoder_2_out_loss: 0.0298

P1空间计算 0.4423483535528596 0.3019837001923745
P2空间计算 0.3929821175358437 0.26139130222608703

Epoch 29/30
 - 27s - loss: 7.8926 - decoder_out_loss: 0.0324 - recons_output_loss: 1.8494 - decoder_2_out_loss: 0.0281

P1空间计算 0.4440011028832519 0.3037016866053579
P2空间计算 0.3925803529226406 0.2625028641762659

Epoch 30/30
 - 24s - loss: 7.9517 - decoder_out_loss: 0.0332 - recons_output_loss: 1.5980 - decoder_2_out_loss: 0.0303

P1空间计算 0.447616590515204 0.3066559173451382
P2空间计算 0.40270285174098 0.26791584102441607


P1空间计算 0.44759768394517097 0.30655581032332135
P2空间计算 0.4028505593193635 0.26819564646134875
