train num is 62787
test  num is 12694

P1空间计算 0.043649755790137065 0.006286840591698001
P2空间计算 0.047743815976051686 0.007896494751118283

Epoch 1/30
 - 22s - loss: 64.9026 - decoder_out_loss: 0.8809 - recons_output_loss: 56.0932 - decoder_2_out_loss: 1.7711

P1空间计算 0.3326433748227509 0.20239075563897357
P2空间计算 0.2714621080825587 0.1375913097895394

Epoch 2/30
 - 21s - loss: 16.2534 - decoder_out_loss: 0.2796 - recons_output_loss: 13.4571 - decoder_2_out_loss: 1.5816

P1空间计算 0.3577174255553805 0.2257601669874362
P2空间计算 0.3001882779265795 0.16217310278527325

Epoch 3/30
 - 20s - loss: 13.2165 - decoder_out_loss: 0.2053 - recons_output_loss: 11.1635 - decoder_2_out_loss: 1.5282

P1空间计算 0.3746072947849377 0.23692780823251108
P2空间计算 0.31631952103355915 0.17571580534260814

Epoch 4/30
 - 20s - loss: 17.1541 - decoder_out_loss: 0.1712 - recons_output_loss: 15.4425 - decoder_2_out_loss: 1.4961

P1空间计算 0.3867760359224831 0.251486211256
P2空间计算 0.32797305813770294 0.19014739690568172

Epoch 5/30
 - 20s - loss: 11.2525 - decoder_out_loss: 0.1471 - recons_output_loss: 9.7810 - decoder_2_out_loss: 1.4760

P1空间计算 0.3929632109658106 0.25701842257617635
P2空间计算 0.3322770600283599 0.1974210670566573

Epoch 6/30
 - 21s - loss: 10.3759 - decoder_out_loss: 0.1323 - recons_output_loss: 9.0534 - decoder_2_out_loss: 1.4592

P1空间计算 0.3998286592090752 0.26383670497091377
P2空间计算 0.3423022687884039 0.203479543720017

Epoch 7/30
 - 20s - loss: 10.1398 - decoder_out_loss: 0.1204 - recons_output_loss: 8.9358 - decoder_2_out_loss: 1.4484

P1空间计算 0.4018398455963447 0.26319222388889335
P2空间计算 0.34035528596187176 0.20174986908183754

Epoch 8/30
 - 20s - loss: 9.3566 - decoder_out_loss: 0.1134 - recons_output_loss: 8.2230 - decoder_2_out_loss: 1.4424

P1空间计算 0.4111387269576178 0.27086326153116047
P2空间计算 0.34265597920277296 0.2034335823016265

Epoch 9/30
 - 20s - loss: 9.9142 - decoder_out_loss: 0.1049 - recons_output_loss: 8.8650 - decoder_2_out_loss: 1.4312

P1空间计算 0.4145202457854104 0.2744326288950029
P2空间计算 0.34984165747597284 0.21054220811824595

Epoch 10/30
 - 21s - loss: 9.0537 - decoder_out_loss: 0.0980 - recons_output_loss: 8.0734 - decoder_2_out_loss: 1.4233

P1空间计算 0.4211958405545927 0.28255104295289174
P2空间计算 0.35452733574917283 0.21570633683515167

Epoch 11/30
 - 20s - loss: 8.3377 - decoder_out_loss: 0.0935 - recons_output_loss: 7.4027 - decoder_2_out_loss: 1.4181

P1空间计算 0.424679376083189 0.2827783838627734
P2空间计算 0.3515227666614148 0.21136503930758316

Epoch 12/30
 - 21s - loss: 8.3150 - decoder_out_loss: 0.0900 - recons_output_loss: 7.4146 - decoder_2_out_loss: 1.4140

P1空间计算 0.41892232550811415 0.27900996032835285
P2空间计算 0.34442728848274773 0.2064930058185349

Epoch 13/30
 - 20s - loss: 8.3972 - decoder_out_loss: 0.0835 - recons_output_loss: 7.5619 - decoder_2_out_loss: 1.4100

P1空间计算 0.4235166220261541 0.28194744132570093
P2空间计算 0.3498006932409012 0.2120641335837034

Epoch 14/30
 - 20s - loss: 8.0288 - decoder_out_loss: 0.0822 - recons_output_loss: 7.2066 - decoder_2_out_loss: 1.4080

P1空间计算 0.4202914762880101 0.2810263270587091
P2空间计算 0.34945289112966754 0.21140457632200307

Epoch 15/30
 - 20s - loss: 7.7098 - decoder_out_loss: 0.0779 - recons_output_loss: 6.9310 - decoder_2_out_loss: 1.4026

P1空间计算 0.4245978414999212 0.284473821595539
P2空间计算 0.35114857412951006 0.21327522286418077

Epoch 16/30
 - 20s - loss: 7.5390 - decoder_out_loss: 0.0760 - recons_output_loss: 6.7788 - decoder_2_out_loss: 1.4017

P1空间计算 0.4266027256971798 0.28592126787644934
P2空间计算 0.3474905467149835 0.21159643224048294

Epoch 17/30
 - 21s - loss: 7.9402 - decoder_out_loss: 0.0721 - recons_output_loss: 7.2190 - decoder_2_out_loss: 1.3979

P1空间计算 0.42511737828895546 0.2854481312479076
P2空间计算 0.34901843390578224 0.21182797855180435

Epoch 18/30
 - 20s - loss: 7.3906 - decoder_out_loss: 0.0701 - recons_output_loss: 6.6892 - decoder_2_out_loss: 1.3953

P1空间计算 0.42878997951788245 0.28920372092208463
P2空间计算 0.3538443359067276 0.2155226253135829

Epoch 19/30
 - 22s - loss: 7.4707 - decoder_out_loss: 0.0694 - recons_output_loss: 6.7766 - decoder_2_out_loss: 1.3939

P1空间计算 0.43545927209705376 0.29563027356201327
P2空间计算 0.35988656057980145 0.22205615744801657

Epoch 20/30
 - 21s - loss: 7.0345 - decoder_out_loss: 0.0650 - recons_output_loss: 6.3841 - decoder_2_out_loss: 1.3934

P1空间计算 0.4288498503229872 0.288767185224765
P2空间计算 0.35157475972900576 0.2139691956289281

Epoch 21/30
 - 21s - loss: 7.2200 - decoder_out_loss: 0.0638 - recons_output_loss: 6.5824 - decoder_2_out_loss: 1.3923

P1空间计算 0.4334110603434694 0.29284265727608966
P2空间计算 0.35731369150779896 0.2185382385110701

Epoch 22/30
 - 22s - loss: 6.8951 - decoder_out_loss: 0.0633 - recons_output_loss: 6.2622 - decoder_2_out_loss: 1.3893

P1空间计算 0.4366889869229557 0.296124417290822
P2空间计算 0.35694816448715927 0.2181733887904136

Epoch 23/30
 - 21s - loss: 7.0280 - decoder_out_loss: 0.0602 - recons_output_loss: 6.4262 - decoder_2_out_loss: 1.3900

P1空间计算 0.4323857728060501 0.29182912011523604
P2空间计算 0.3556420356073736 0.21814884687026048

Epoch 24/30
 - 20s - loss: 7.0387 - decoder_out_loss: 0.0567 - recons_output_loss: 6.4713 - decoder_2_out_loss: 1.3859

P1空间计算 0.4326583425240271 0.29322885753341726
P2空间计算 0.3532330234756578 0.21522491432589524

Epoch 25/30
 - 22s - loss: 6.7754 - decoder_out_loss: 0.0565 - recons_output_loss: 6.2100 - decoder_2_out_loss: 1.3864

P1空间计算 0.42737947061603915 0.28658570430509483
P2空间计算 0.34680557743815976 0.2098612752603813

Epoch 26/30
 - 22s - loss: 6.7477 - decoder_out_loss: 0.0550 - recons_output_loss: 6.1974 - decoder_2_out_loss: 1.3826

P1空间计算 0.43733653694658897 0.2955258202014098
P2空间计算 0.35931463683630066 0.21905548327289992

Epoch 27/30
 - 21s - loss: 6.5784 - decoder_out_loss: 0.0522 - recons_output_loss: 6.0569 - decoder_2_out_loss: 1.3806

P1空间计算 0.4370143374822751 0.2951512138011048
P2空间计算 0.3569804632109658 0.21708438001030267

Epoch 28/30
 - 21s - loss: 6.6740 - decoder_out_loss: 0.0524 - recons_output_loss: 6.1497 - decoder_2_out_loss: 1.3794

P1空间计算 0.4344186229714826 0.2947325535052074
P2空间计算 0.3546049314636836 0.21747087824656688

Epoch 29/30
 - 22s - loss: 6.4139 - decoder_out_loss: 0.0505 - recons_output_loss: 5.9086 - decoder_2_out_loss: 1.3796

P1空间计算 0.432743422089176 0.28984989402221295
P2空间计算 0.3539995273357492 0.21547438714196043

Epoch 30/30
 - 22s - loss: 6.1185 - decoder_out_loss: 0.0515 - recons_output_loss: 5.6036 - decoder_2_out_loss: 1.3774

P1空间计算 0.43809201197416103 0.2970017433833775
P2空间计算 0.3583397668189696 0.2200387413793611

Epoch 1/30
 - 22s - loss: 7.9191 - decoder_out_loss: 0.0502 - recons_output_loss: 5.3467 - decoder_2_out_loss: 0.2071

P1空间计算 0.4340117378288955 0.29300676610159043
P2空间计算 0.4315916968646605 0.2930073603962938

Epoch 2/30
 - 21s - loss: 6.2330 - decoder_out_loss: 0.0490 - recons_output_loss: 5.1287 - decoder_2_out_loss: 0.0614

P1空间计算 0.4349007405073263 0.2932979461862651
P2空间计算 0.43517212856467613 0.30059859624173674

Epoch 3/30
 - 21s - loss: 6.0207 - decoder_out_loss: 0.0482 - recons_output_loss: 5.0716 - decoder_2_out_loss: 0.0467

P1空间计算 0.43523318103040803 0.29271419719187447
P2空间计算 0.4304238222782416 0.2935747729784056

Epoch 4/30
 - 21s - loss: 5.9539 - decoder_out_loss: 0.0481 - recons_output_loss: 5.0631 - decoder_2_out_loss: 0.0410

P1空间计算 0.43809201197416103 0.2964220584913113
P2空间计算 0.4342110445879943 0.29621103433227614

Epoch 5/30
 - 21s - loss: 5.8083 - decoder_out_loss: 0.0476 - recons_output_loss: 4.9350 - decoder_2_out_loss: 0.0397

P1空间计算 0.43672876949740036 0.29490494700117703
P2空间计算 0.43600480541988346 0.2972829002847607

Epoch 6/30
 - 21s - loss: 5.5812 - decoder_out_loss: 0.0494 - recons_output_loss: 4.7241 - decoder_2_out_loss: 0.0363

P1空间计算 0.4357814715613676 0.293678345829611
P2空间计算 0.42191310855522296 0.28479739180480484

Epoch 7/30
 - 21s - loss: 5.6087 - decoder_out_loss: 0.0471 - recons_output_loss: 4.7740 - decoder_2_out_loss: 0.0363

P1空间计算 0.4355242634315425 0.2935561800158981
P2空间计算 0.4329726642508272 0.2965668736051599

Epoch 8/30
 - 22s - loss: 5.4204 - decoder_out_loss: 0.0441 - recons_output_loss: 4.6645 - decoder_2_out_loss: 0.0314

P1空间计算 0.4351784307546873 0.29502530397246485
P2空间计算 0.4318701748857728 0.30578221641776016

Epoch 9/30
 - 21s - loss: 5.3461 - decoder_out_loss: 0.0452 - recons_output_loss: 4.5906 - decoder_2_out_loss: 0.0304

P1空间计算 0.43394241373877424 0.2928543359662218
P2空间计算 0.4427268788403971 0.30963526079892817

Epoch 10/30
 - 21s - loss: 5.3039 - decoder_out_loss: 0.0443 - recons_output_loss: 4.5727 - decoder_2_out_loss: 0.0288

P1空间计算 0.43074011343942026 0.28872380576665047
P2空间计算 0.43539664408381906 0.2987280796821255

Epoch 11/30
 - 22s - loss: 5.2000 - decoder_out_loss: 0.0424 - recons_output_loss: 4.5068 - decoder_2_out_loss: 0.0269

P1空间计算 0.43423389002678425 0.2920487570641988
P2空间计算 0.44607609894438316 0.31328710988749725

Epoch 12/30
 - 22s - loss: 5.2249 - decoder_out_loss: 0.0438 - recons_output_loss: 4.5169 - decoder_2_out_loss: 0.0271

P1空间计算 0.4286091854419411 0.28663534664519746
P2空间计算 0.4339057822593351 0.30170302570324614

Epoch 13/30
 - 22s - loss: 5.1847 - decoder_out_loss: 0.0427 - recons_output_loss: 4.4882 - decoder_2_out_loss: 0.0270

P1空间计算 0.42940995746021743 0.28932821772803086
P2空间计算 0.4319918859303608 0.2961055520385539

Epoch 14/30
 - 21s - loss: 5.0326 - decoder_out_loss: 0.0430 - recons_output_loss: 4.3369 - decoder_2_out_loss: 0.0266

P1空间计算 0.4342153773436269 0.29430435829327467
P2空间计算 0.43917362533480386 0.30700096197499893

Epoch 15/30
 - 21s - loss: 5.1142 - decoder_out_loss: 0.0424 - recons_output_loss: 4.4443 - decoder_2_out_loss: 0.0246

P1空间计算 0.4298534740822436 0.2901438140603558
P2空间计算 0.4263120371829211 0.2964649293937169

Epoch 16/30
 - 22s - loss: 4.9696 - decoder_out_loss: 0.0406 - recons_output_loss: 4.3152 - decoder_2_out_loss: 0.0249

P1空间计算 0.43080589254766033 0.29119456577888686
P2空间计算 0.4283712777690247 0.29476779828954014

Epoch 17/30
 - 22s - loss: 4.8908 - decoder_out_loss: 0.0411 - recons_output_loss: 4.2372 - decoder_2_out_loss: 0.0242

P1空间计算 0.4323318103040807 0.29064450174777284
P2空间计算 0.4288175515991807 0.2945528476980024

Epoch 18/30
 - 21s - loss: 4.8516 - decoder_out_loss: 0.0408 - recons_output_loss: 4.1960 - decoder_2_out_loss: 0.0248

P1空间计算 0.4345899637624075 0.2952273046234182
P2空间计算 0.4179600598708051 0.28862357915393677

Epoch 19/30
 - 22s - loss: 4.7067 - decoder_out_loss: 0.0409 - recons_output_loss: 4.0726 - decoder_2_out_loss: 0.0225

P1空间计算 0.4304517882464156 0.29101792883643446
P2空间计算 0.42817157712305026 0.29989315862016314

Epoch 20/30
 - 22s - loss: 4.5528 - decoder_out_loss: 0.0405 - recons_output_loss: 3.9235 - decoder_2_out_loss: 0.0224

P1空间计算 0.43479754214589567 0.2946319684534978
P2空间计算 0.43103355916180874 0.2995754191360543

Epoch 21/30
 - 22s - loss: 4.5618 - decoder_out_loss: 0.0404 - recons_output_loss: 3.9326 - decoder_2_out_loss: 0.0225

P1空间计算 0.4342232550811407 0.29227732337705264
P2空间计算 0.42871277769024735 0.29680851886476634

Epoch 22/30
 - 22s - loss: 4.5051 - decoder_out_loss: 0.0393 - recons_output_loss: 3.8860 - decoder_2_out_loss: 0.0226

P1空间计算 0.43513431542461006 0.29429926668598066
P2空间计算 0.44320387584685683 0.31483985679838006

Epoch 23/30
 - 22s - loss: 4.3034 - decoder_out_loss: 0.0404 - recons_output_loss: 3.6999 - decoder_2_out_loss: 0.0199

P1空间计算 0.43496573184181503 0.2931605535043252
P2空间计算 0.43295060658578854 0.2983972014920817

Epoch 24/30
 - 22s - loss: 4.1339 - decoder_out_loss: 0.0382 - recons_output_loss: 3.5482 - decoder_2_out_loss: 0.0203

P1空间计算 0.4349960611312431 0.2918247043249447
P2空间计算 0.44004726642508274 0.3064625078043314

Epoch 25/30
 - 21s - loss: 3.9789 - decoder_out_loss: 0.0389 - recons_output_loss: 3.3899 - decoder_2_out_loss: 0.0200

P1空间计算 0.4364049944855838 0.293792253910542
P2空间计算 0.42692256184023947 0.29408915954739795

Epoch 26/30
 - 22s - loss: 3.9353 - decoder_out_loss: 0.0387 - recons_output_loss: 3.3257 - decoder_2_out_loss: 0.0223

P1空间计算 0.43291279344572237 0.2919441391223317
P2空间计算 0.4303938868756893 0.2965495459546186

Epoch 27/30
 - 22s - loss: 3.9032 - decoder_out_loss: 0.0382 - recons_output_loss: 3.3160 - decoder_2_out_loss: 0.0205

P1空间计算 0.4370363951473137 0.29494180711839574
P2空间计算 0.42641169056247047 0.2962110284650572

Epoch 28/30
 - 21s - loss: 3.8748 - decoder_out_loss: 0.0374 - recons_output_loss: 3.3069 - decoder_2_out_loss: 0.0194

P1空间计算 0.43458169213801795 0.29203423958388053
P2空间计算 0.4402469670710572 0.3014793066044858

Epoch 29/30
 - 21s - loss: 3.8358 - decoder_out_loss: 0.0373 - recons_output_loss: 3.2737 - decoder_2_out_loss: 0.0189

P1空间计算 0.436559398140854 0.29605898084097537
P2空间计算 0.4303265322199465 0.2960436859714051

Epoch 30/30
 - 22s - loss: 3.8446 - decoder_out_loss: 0.0374 - recons_output_loss: 3.2609 - decoder_2_out_loss: 0.0210

P1空间计算 0.44065424610052 0.2976524737677067
P2空间计算 0.4390550653852213 0.30251309125184395


P1空间计算 0.44052386954466677 0.2976210022066057
P2空间计算 0.4388419725854734 0.3023243047784849
