train num is 62787
test  num is 12694

P1空间计算 0.046171813455175674 0.006895897333212045
P2空间计算 0.042735150464786514 0.005837236247410246

Epoch 1/30
 - 28s - loss: 64.2459 - decoder_out_loss: 0.8627 - recons_output_loss: 55.6184 - decoder_2_out_loss: 1.8433

P1空间计算 0.31963998739561994 0.18549500196336724
P2空间计算 0.28102489365054356 0.14743689910109642

Epoch 2/30
 - 28s - loss: 16.6145 - decoder_out_loss: 0.2736 - recons_output_loss: 13.8789 - decoder_2_out_loss: 1.7095

P1空间计算 0.3540306443989287 0.2163548719968672
P2空间计算 0.31584764455648334 0.17734954308793643

Epoch 3/30
 - 24s - loss: 13.8943 - decoder_out_loss: 0.2032 - recons_output_loss: 11.8625 - decoder_2_out_loss: 1.6742

P1空间计算 0.3685579801481015 0.22982259619687928
P2空间计算 0.3267575232393257 0.1873284505700753

Epoch 4/30
 - 26s - loss: 12.0465 - decoder_out_loss: 0.1716 - recons_output_loss: 10.3306 - decoder_2_out_loss: 1.6523

P1空间计算 0.38252363321254135 0.24302871450913208
P2空间计算 0.3407921065070112 0.20059553084850104

Epoch 5/30
 - 25s - loss: 10.9093 - decoder_out_loss: 0.1486 - recons_output_loss: 9.4234 - decoder_2_out_loss: 1.6397

P1空间计算 0.3894958247991177 0.2510739395472893
P2空间计算 0.34791279344572235 0.20779024385172806

Epoch 6/30
 - 26s - loss: 14.4159 - decoder_out_loss: 0.1334 - recons_output_loss: 13.0820 - decoder_2_out_loss: 1.6301

P1空间计算 0.39798841972585475 0.25891764465696854
P2空间计算 0.35287419253190483 0.21209850463378363

Epoch 7/30
 - 25s - loss: 10.7059 - decoder_out_loss: 0.1218 - recons_output_loss: 9.4874 - decoder_2_out_loss: 1.6204

P1空间计算 0.40200330864975586 0.2623874705971451
P2空间计算 0.35556522766661414 0.21498538804410822

Epoch 8/30
 - 23s - loss: 9.7259 - decoder_out_loss: 0.1144 - recons_output_loss: 8.5815 - decoder_2_out_loss: 1.6145

P1空间计算 0.4049558846699228 0.26609985448416096
P2空间计算 0.36242988813612725 0.22292390896371125

Epoch 9/30
 - 23s - loss: 9.6029 - decoder_out_loss: 0.1029 - recons_output_loss: 8.5743 - decoder_2_out_loss: 1.6086

P1空间计算 0.4119119268945959 0.27242331197759195
P2空间计算 0.3656018591460533 0.22504829257627093

Epoch 10/30
 - 23s - loss: 9.3573 - decoder_out_loss: 0.1000 - recons_output_loss: 8.3574 - decoder_2_out_loss: 1.6073

P1空间计算 0.40842327083661567 0.26784893830302414
P2空间计算 0.3653501654324877 0.2227840491277037

Epoch 11/30
 - 25s - loss: 9.1604 - decoder_out_loss: 0.0928 - recons_output_loss: 8.2323 - decoder_2_out_loss: 1.6038

P1空间计算 0.41654324877895066 0.2752948773828389
P2空间计算 0.3672518512683157 0.22543676053445855

Epoch 12/30
 - 24s - loss: 8.4626 - decoder_out_loss: 0.0922 - recons_output_loss: 7.5407 - decoder_2_out_loss: 1.6037

P1空间计算 0.41570348195998114 0.27478614176281096
P2空间计算 0.3693181818181818 0.22821301263563187

Epoch 13/30
 - 24s - loss: 8.1196 - decoder_out_loss: 0.0848 - recons_output_loss: 7.2716 - decoder_2_out_loss: 1.5991

P1空间计算 0.42230423822278246 0.28133826762935893
P2空间计算 0.37460926421931623 0.23321464641930859

Epoch 14/30
 - 26s - loss: 7.8839 - decoder_out_loss: 0.0808 - recons_output_loss: 7.0762 - decoder_2_out_loss: 1.5992

P1空间计算 0.42598983771860716 0.2867705999557447
P2空间计算 0.3769804632109658 0.2366391327943149

Epoch 15/30
 - 25s - loss: 9.1118 - decoder_out_loss: 0.0770 - recons_output_loss: 8.3415 - decoder_2_out_loss: 1.5959

P1空间计算 0.4265759413896329 0.28498150522676485
P2空间计算 0.37745627855679853 0.23598992245188014

Epoch 16/30
 - 25s - loss: 8.1635 - decoder_out_loss: 0.0746 - recons_output_loss: 7.4171 - decoder_2_out_loss: 1.5921

P1空间计算 0.42311446352607535 0.2828737068144896
P2空间计算 0.3727709941704742 0.23072419030119462

Epoch 17/30
 - 24s - loss: 7.6380 - decoder_out_loss: 0.0719 - recons_output_loss: 6.9185 - decoder_2_out_loss: 1.5915

P1空间计算 0.4279872380652277 0.28870866072848794
P2空间计算 0.37798369308334645 0.23928132358084567

Epoch 18/30
 - 23s - loss: 7.4799 - decoder_out_loss: 0.0686 - recons_output_loss: 6.7941 - decoder_2_out_loss: 1.5906

P1空间计算 0.42220576650386005 0.28348103879731057
P2空间计算 0.3756302190011029 0.23501489086442603

Epoch 19/30
 - 27s - loss: 7.2076 - decoder_out_loss: 0.0685 - recons_output_loss: 6.5223 - decoder_2_out_loss: 1.5912

P1空间计算 0.4257988025838979 0.28649749996377866
P2空间计算 0.37585552229399716 0.235876731107683

Epoch 20/30
 - 27s - loss: 7.2404 - decoder_out_loss: 0.0634 - recons_output_loss: 6.6059 - decoder_2_out_loss: 1.5866

P1空间计算 0.4295505750748385 0.2894561302327964
P2空间计算 0.37664723491413266 0.23713925941515865

Epoch 21/30
 - 27s - loss: 8.5269 - decoder_out_loss: 0.0645 - recons_output_loss: 7.8822 - decoder_2_out_loss: 1.5895

P1空间计算 0.4299992122262486 0.2877499865251141
P2空间计算 0.37561564518670243 0.2342435821256498

Epoch 22/30
 - 26s - loss: 7.1754 - decoder_out_loss: 0.0586 - recons_output_loss: 6.5898 - decoder_2_out_loss: 1.5874

P1空间计算 0.43379588782101774 0.2930144130854506
P2空间计算 0.38218646604695133 0.2429625259644936

Epoch 23/30
 - 25s - loss: 6.9920 - decoder_out_loss: 0.0617 - recons_output_loss: 6.3752 - decoder_2_out_loss: 1.5889

P1空间计算 0.4309220891759887 0.2918771041461196
P2空间计算 0.38279620293051836 0.24425367232749748

Epoch 24/30
 - 25s - loss: 6.6475 - decoder_out_loss: 0.0579 - recons_output_loss: 6.0680 - decoder_2_out_loss: 1.5842

P1空间计算 0.4281684260280447 0.2879138222432218
P2空间计算 0.37768236962344415 0.23619575331394677

Epoch 25/30
 - 26s - loss: 7.8938 - decoder_out_loss: 0.0581 - recons_output_loss: 7.3127 - decoder_2_out_loss: 1.5851

P1空间计算 0.42571766188750587 0.2874775704993754
P2空间计算 0.37742949424925165 0.23788260459726146

Epoch 26/30
 - 25s - loss: 6.6056 - decoder_out_loss: 0.0554 - recons_output_loss: 6.0517 - decoder_2_out_loss: 1.5842

P1空间计算 0.4325492358594612 0.29203977671401127
P2空间计算 0.3788648180242634 0.23892838256471538

Epoch 27/30
 - 26s - loss: 6.5876 - decoder_out_loss: 0.0562 - recons_output_loss: 6.0259 - decoder_2_out_loss: 1.5869

P1空间计算 0.43252599653379553 0.291000048993593
P2空间计算 0.37936899322514583 0.23893022210977372

Epoch 28/30
 - 24s - loss: 6.3402 - decoder_out_loss: 0.0525 - recons_output_loss: 5.8151 - decoder_2_out_loss: 1.5823

P1空间计算 0.43582834409957466 0.29446116576384923
P2空间计算 0.38234795966598395 0.24021684386705083

Epoch 29/30
 - 24s - loss: 6.4245 - decoder_out_loss: 0.0521 - recons_output_loss: 5.9038 - decoder_2_out_loss: 1.5845

P1空间计算 0.4353261383330707 0.29575403031670366
P2空间计算 0.37736647234914134 0.23856704215958663

Epoch 30/30
 - 25s - loss: 6.5598 - decoder_out_loss: 0.0492 - recons_output_loss: 6.0674 - decoder_2_out_loss: 1.5821

P1空间计算 0.4323322041909563 0.29224725327670126
P2空间计算 0.37748857728060503 0.23725307805871018

Epoch 1/30
 - 26s - loss: 8.2934 - decoder_out_loss: 0.0481 - recons_output_loss: 5.3135 - decoder_2_out_loss: 0.2499

P1空间计算 0.4296159602962029 0.291110043661456
P2空间计算 0.4258393729320939 0.2941900430410634

Epoch 2/30
 - 25s - loss: 6.4169 - decoder_out_loss: 0.0459 - recons_output_loss: 5.2624 - decoder_2_out_loss: 0.0695

P1空间计算 0.4351784307546872 0.294618297402015
P2空间计算 0.4316153300772018 0.30185731543859057

Epoch 3/30
 - 24s - loss: 6.2516 - decoder_out_loss: 0.0465 - recons_output_loss: 5.2573 - decoder_2_out_loss: 0.0529

P1空间计算 0.43395383645816926 0.2935159827281153
P2空间计算 0.43651961556640934 0.30331421418071314

Epoch 4/30
 - 25s - loss: 5.9430 - decoder_out_loss: 0.0467 - recons_output_loss: 5.0132 - decoder_2_out_loss: 0.0463

P1空间计算 0.43465495509689617 0.29593681607225897
P2空间计算 0.44835315897274297 0.3228000800616818

Epoch 5/30
 - 23s - loss: 5.7575 - decoder_out_loss: 0.0456 - recons_output_loss: 4.8854 - decoder_2_out_loss: 0.0416

P1空间计算 0.436322278241689 0.29538434451786333
P2空间计算 0.44051481014652594 0.30476481311724535

Epoch 6/30
 - 24s - loss: 5.7701 - decoder_out_loss: 0.0465 - recons_output_loss: 4.9199 - decoder_2_out_loss: 0.0386

P1空间计算 0.43573617457066327 0.29602807218887695
P2空间计算 0.4341803214116906 0.30040335242960287

Epoch 7/30
 - 25s - loss: 5.5874 - decoder_out_loss: 0.0445 - recons_output_loss: 4.7854 - decoder_2_out_loss: 0.0357

P1空间计算 0.4345616039073579 0.2958066414953498
P2空间计算 0.43521900110288325 0.305796377253828

Epoch 8/30
 - 26s - loss: 5.6556 - decoder_out_loss: 0.0446 - recons_output_loss: 4.8761 - decoder_2_out_loss: 0.0333

P1空间计算 0.43027769024736096 0.2906921257093723
P2空间计算 0.42368559949582474 0.2926771631848663

Epoch 9/30
 - 26s - loss: 5.4966 - decoder_out_loss: 0.0432 - recons_output_loss: 4.7525 - decoder_2_out_loss: 0.0312

P1空间计算 0.4286993855364739 0.28934504244684667
P2空间计算 0.42793012446825274 0.2935920733710481

Epoch 10/30
 - 25s - loss: 5.5606 - decoder_out_loss: 0.0430 - recons_output_loss: 4.8346 - decoder_2_out_loss: 0.0296

P1空间计算 0.42645423034504487 0.2875298217346997
P2空间计算 0.4063616669292579 0.2721946629386935

Epoch 11/30
 - 25s - loss: 5.3326 - decoder_out_loss: 0.0430 - recons_output_loss: 4.6043 - decoder_2_out_loss: 0.0299

P1空间计算 0.4332015125256027 0.2935407428425095
P2空间计算 0.4266035134709312 0.29364491551979355

Epoch 12/30
 - 27s - loss: 5.2713 - decoder_out_loss: 0.0423 - recons_output_loss: 4.5628 - decoder_2_out_loss: 0.0286

P1空间计算 0.4289467464944067 0.2902490100305592
P2空间计算 0.4227095478178667 0.2891469677146721

Epoch 13/30
 - 26s - loss: 5.2794 - decoder_out_loss: 0.0425 - recons_output_loss: 4.5731 - decoder_2_out_loss: 0.0281

P1空间计算 0.4325653852213644 0.29304833614999437
P2空间计算 0.41624940916968645 0.2824784787103154

Epoch 14/30
 - 26s - loss: 5.2376 - decoder_out_loss: 0.0416 - recons_output_loss: 4.5605 - decoder_2_out_loss: 0.0261

P1空间计算 0.43345911454230346 0.29440140286560534
P2空间计算 0.42568063652119115 0.2958693692132079

Epoch 15/30
 - 25s - loss: 5.1735 - decoder_out_loss: 0.0410 - recons_output_loss: 4.5075 - decoder_2_out_loss: 0.0256

P1空间计算 0.4336922955727115 0.295190568360828
P2空间计算 0.42640617614621074 0.29729883273470875

Epoch 16/30
 - 24s - loss: 5.1113 - decoder_out_loss: 0.0409 - recons_output_loss: 4.4532 - decoder_2_out_loss: 0.0249

P1空间计算 0.429442256184024 0.29071093175580637
P2空间计算 0.42919450133921533 0.29789194180318274

Epoch 17/30
 - 26s - loss: 5.0927 - decoder_out_loss: 0.0403 - recons_output_loss: 4.4304 - decoder_2_out_loss: 0.0260

P1空间计算 0.4320521506223412 0.29225840161255773
P2空间计算 0.42959272097053725 0.2963975904584851

Epoch 18/30
 - 26s - loss: 4.9991 - decoder_out_loss: 0.0405 - recons_output_loss: 4.3451 - decoder_2_out_loss: 0.0249

P1空间计算 0.4348751378604065 0.29356532303002497
P2空间计算 0.43939892862769814 0.3021010169076465

Epoch 19/30
 - 24s - loss: 5.0390 - decoder_out_loss: 0.0411 - recons_output_loss: 4.3805 - decoder_2_out_loss: 0.0247

P1空间计算 0.43382700488419723 0.2942881313122763
P2空间计算 0.42451315582164806 0.2896017880784422

Epoch 20/30
 - 26s - loss: 4.9930 - decoder_out_loss: 0.0415 - recons_output_loss: 4.3227 - decoder_2_out_loss: 0.0256

P1空间计算 0.4337486213959351 0.29467106602435805
P2空间计算 0.44259965337954943 0.31143546325694493

Epoch 21/30
 - 27s - loss: 4.9784 - decoder_out_loss: 0.0403 - recons_output_loss: 4.3284 - decoder_2_out_loss: 0.0247

P1空间计算 0.4372034031826059 0.2990420235097787
P2空间计算 0.43370765716086335 0.30241153355440653

Epoch 22/30
 - 26s - loss: 4.7541 - decoder_out_loss: 0.0382 - recons_output_loss: 4.1514 - decoder_2_out_loss: 0.0221

P1空间计算 0.43566881991492046 0.29607730430664586
P2空间计算 0.4314475342681582 0.2968751941182308

Epoch 23/30
 - 27s - loss: 4.7489 - decoder_out_loss: 0.0410 - recons_output_loss: 4.0987 - decoder_2_out_loss: 0.0241

P1空间计算 0.43622656373089647 0.2953039963108725
P2空间计算 0.4363293682054514 0.3022816964426213

Epoch 24/30
 - 27s - loss: 4.7175 - decoder_out_loss: 0.0402 - recons_output_loss: 4.0902 - decoder_2_out_loss: 0.0226

P1空间计算 0.43748739561997796 0.2980766349162948
P2空间计算 0.4466259650228454 0.3109902876713882

Epoch 25/30
 - 26s - loss: 4.6150 - decoder_out_loss: 0.0392 - recons_output_loss: 4.0034 - decoder_2_out_loss: 0.0220

P1空间计算 0.430121711044588 0.29153308200963124
P2空间计算 0.4356605482905309 0.3020952598317678

Epoch 26/30
 - 26s - loss: 4.5149 - decoder_out_loss: 0.0384 - recons_output_loss: 3.9129 - decoder_2_out_loss: 0.0218

P1空间计算 0.4353600126043801 0.29501758671163547
P2空间计算 0.43192295572711514 0.3003440725366645

Epoch 27/30
 - 27s - loss: 4.4605 - decoder_out_loss: 0.0382 - recons_output_loss: 3.8789 - decoder_2_out_loss: 0.0200

P1空间计算 0.4302690247360958 0.29219902925020963
P2空间计算 0.41838782101780364 0.29222742043261496

Epoch 28/30
 - 24s - loss: 4.3237 - decoder_out_loss: 0.0365 - recons_output_loss: 3.7632 - decoder_2_out_loss: 0.0195

P1空间计算 0.43509020009453286 0.29596478532554443
P2空间计算 0.4353533165274933 0.3049648189813668

Epoch 29/30
 - 24s - loss: 4.2515 - decoder_out_loss: 0.0364 - recons_output_loss: 3.6809 - decoder_2_out_loss: 0.0206

P1空间计算 0.4350980778320466 0.29370322193167864
P2空间计算 0.43433393729320935 0.2996377465851124

Epoch 30/30
 - 23s - loss: 4.3564 - decoder_out_loss: 0.0368 - recons_output_loss: 3.7875 - decoder_2_out_loss: 0.0201

P1空间计算 0.43666180872853316 0.29679981136008277
P2空间计算 0.4386146998582008 0.3057540162959631


P1空间计算 0.43686387269576177 0.2970734749302489
P2空间计算 0.4387123838033717 0.30581613163996935
