train num is 62787
test  num is 12694

P1空间计算 0.04804159445407279 0.006504118291392882
P2空间计算 0.04783795493934143 0.005830946835083685

Epoch 1/30
 - 22s - loss: 118.6005 - decoder_out_loss: 0.7192 - recons_output_loss: 46.6764 - decoder_2_out_loss: 1.6730

P1空间计算 0.3234536001260438 0.1847134950612069
P2空间计算 0.1282731999369781 0.03363943325824454

Epoch 2/30
 - 22s - loss: 29.6734 - decoder_out_loss: 0.2363 - recons_output_loss: 6.0388 - decoder_2_out_loss: 1.5533

P1空间计算 0.34730423822278245 0.2028489249924973
P2空间计算 0.14246848904994486 0.04080262922522012

Epoch 3/30
 - 22s - loss: 22.5383 - decoder_out_loss: 0.1783 - recons_output_loss: 4.7035 - decoder_2_out_loss: 1.5284

P1空间计算 0.3718863242476761 0.23238240459072046
P2空间计算 0.16447967543721442 0.0626218626127974

Epoch 4/30
 - 22s - loss: 18.0720 - decoder_out_loss: 0.1464 - recons_output_loss: 3.4290 - decoder_2_out_loss: 1.5088

P1空间计算 0.3798763195210335 0.23640845291858503
P2空间计算 0.15918307861982037 0.05849313506625814

Epoch 5/30
 - 22s - loss: 20.2193 - decoder_out_loss: 0.1212 - recons_output_loss: 8.0945 - decoder_2_out_loss: 1.4677

P1空间计算 0.3848885300141799 0.2408991792365802
P2空间计算 0.1615700330864976 0.0578550283059465

Epoch 6/30
 - 21s - loss: 14.3361 - decoder_out_loss: 0.1094 - recons_output_loss: 3.3962 - decoder_2_out_loss: 1.5056

P1空间计算 0.3863092799747912 0.2442469773900181
P2空间计算 0.17281944225618404 0.06784024836711695

Epoch 7/30
 - 22s - loss: 13.4786 - decoder_out_loss: 0.1021 - recons_output_loss: 3.2692 - decoder_2_out_loss: 1.4918

P1空间计算 0.404766818969592 0.2610124317015774
P2空间计算 0.16566251772490942 0.0631760227547507

Epoch 8/30
 - 22s - loss: 13.0596 - decoder_out_loss: 0.0906 - recons_output_loss: 4.0043 - decoder_2_out_loss: 1.4932

P1空间计算 0.403742319205924 0.25926676970108
P2空间计算 0.15808019536789034 0.051517156717600245

Epoch 9/30
 - 22s - loss: 11.7995 - decoder_out_loss: 0.0851 - recons_output_loss: 3.2865 - decoder_2_out_loss: 1.4892

P1空间计算 0.40833582795021267 0.2638766709190491
P2空间计算 0.16537931306128878 0.060508634173365404

Epoch 10/30
 - 21s - loss: 10.7215 - decoder_out_loss: 0.0792 - recons_output_loss: 2.8012 - decoder_2_out_loss: 1.4824

P1空间计算 0.40756380967386163 0.261606272407328
P2空间计算 0.1648830155979203 0.06567116857607548

Epoch 11/30
 - 22s - loss: 9.9427 - decoder_out_loss: 0.0737 - recons_output_loss: 2.5722 - decoder_2_out_loss: 1.4507

P1空间计算 0.40611194265007083 0.26145094706497973
P2空间计算 0.1604592720970537 0.056900004886729694

Epoch 12/30
 - 21s - loss: 9.4827 - decoder_out_loss: 0.0699 - recons_output_loss: 2.4888 - decoder_2_out_loss: 1.4566

P1空间计算 0.40714786513313383 0.27009921085681693
P2空间计算 0.1770442728848275 0.0764492361936875

Epoch 13/30
 - 21s - loss: 9.5987 - decoder_out_loss: 0.0659 - recons_output_loss: 3.0116 - decoder_2_out_loss: 1.4768

P1空间计算 0.41253860091381755 0.2693829169347527
P2空间计算 0.15919292579171263 0.055673799156979134

Epoch 14/30
 - 22s - loss: 8.6933 - decoder_out_loss: 0.0621 - recons_output_loss: 2.4806 - decoder_2_out_loss: 1.4891

P1空间计算 0.41095911454230344 0.2669784952219278
P2空间计算 0.16229242161651172 0.05366245852506753

Epoch 15/30
 - 21s - loss: 8.8195 - decoder_out_loss: 0.0643 - recons_output_loss: 2.3944 - decoder_2_out_loss: 1.4558

P1空间计算 0.4153690720025209 0.2683656332428913
P2空间计算 0.1642461005199307 0.05791887446246663

Epoch 16/30
 - 22s - loss: 8.0400 - decoder_out_loss: 0.0568 - recons_output_loss: 2.3615 - decoder_2_out_loss: 1.4617

P1空间计算 0.40765637308964864 0.26516238643081463
P2空间计算 0.1666570820860249 0.06138996486768856

Epoch 17/30
 - 22s - loss: 8.9050 - decoder_out_loss: 0.0569 - recons_output_loss: 3.2169 - decoder_2_out_loss: 1.4645

P1空间计算 0.41986922955727113 0.27479632242785784
P2空间计算 0.16190168583582792 0.05707984795309934

Epoch 18/30
 - 22s - loss: 8.4066 - decoder_out_loss: 0.0560 - recons_output_loss: 2.8041 - decoder_2_out_loss: 1.4773

P1空间计算 0.4280498660784622 0.2825568834962134
P2空间计算 0.16417323144792814 0.06118385755600902

Epoch 19/30
 - 21s - loss: 7.4934 - decoder_out_loss: 0.0512 - recons_output_loss: 2.3685 - decoder_2_out_loss: 1.4651

P1空间计算 0.42699464313849067 0.2833362732858676
P2空间计算 0.16090712147471248 0.05707263681099489

Epoch 20/30
 - 21s - loss: 7.4567 - decoder_out_loss: 0.0497 - recons_output_loss: 2.4892 - decoder_2_out_loss: 1.4410

P1空间计算 0.42978848274775483 0.28698895102767635
P2空间计算 0.17490546714983457 0.06337708450137901

Epoch 21/30
 - 22s - loss: 7.2518 - decoder_out_loss: 0.0493 - recons_output_loss: 2.3222 - decoder_2_out_loss: 1.4860

P1空间计算 0.4347557901370726 0.2931615086233204
P2空间计算 0.17839924373719868 0.0683195436455585

Epoch 22/30
 - 21s - loss: 7.1925 - decoder_out_loss: 0.0499 - recons_output_loss: 2.2067 - decoder_2_out_loss: 1.4861

P1空间计算 0.4299625807468095 0.28694804660132067
P2空间计算 0.16935678273199936 0.05894891593847421

Epoch 23/30
 - 22s - loss: 7.0680 - decoder_out_loss: 0.0468 - recons_output_loss: 2.3895 - decoder_2_out_loss: 1.4645

P1空间计算 0.4235067748542619 0.27971172486263346
P2空间计算 0.1636564518670238 0.05903409965577955

Epoch 24/30
 - 22s - loss: 6.8602 - decoder_out_loss: 0.0454 - recons_output_loss: 2.3221 - decoder_2_out_loss: 1.4480

P1空间计算 0.41879785725539626 0.27828998302224733
P2空间计算 0.16574917283756105 0.0631449251625297

Epoch 25/30
 - 22s - loss: 6.5372 - decoder_out_loss: 0.0428 - recons_output_loss: 2.2544 - decoder_2_out_loss: 1.4544

P1空间计算 0.4353013234599023 0.28930669902280304
P2空间计算 0.16477115172522452 0.06266002980528634

Epoch 26/30
 - 21s - loss: 6.4243 - decoder_out_loss: 0.0421 - recons_output_loss: 2.2112 - decoder_2_out_loss: 1.4322

P1空间计算 0.4134213014022372 0.2695998491833
P2空间计算 0.16136757523239326 0.06256002599470549

Epoch 27/30
 - 21s - loss: 6.4021 - decoder_out_loss: 0.0441 - recons_output_loss: 1.9878 - decoder_2_out_loss: 1.4691

P1空间计算 0.42419253190483697 0.28025563296594036
P2空间计算 0.16494012919489523 0.06403331835561613

Epoch 28/30
 - 21s - loss: 6.2638 - decoder_out_loss: 0.0430 - recons_output_loss: 1.9665 - decoder_2_out_loss: 1.4690

P1空间计算 0.4166767764298094 0.27252365313202576
P2空间计算 0.15928470143374823 0.06334244585625258

Epoch 29/30
 - 22s - loss: 6.1072 - decoder_out_loss: 0.0405 - recons_output_loss: 2.0581 - decoder_2_out_loss: 1.4712

P1空间计算 0.4234922010398614 0.2788854871107167
P2空间计算 0.15653418938080982 0.058026780361870485

Epoch 30/30
 - 22s - loss: 6.0870 - decoder_out_loss: 0.0412 - recons_output_loss: 1.9640 - decoder_2_out_loss: 1.4739

P1空间计算 0.4365038600913817 0.2916784604202314
P2空间计算 0.1610158342524027 0.05819014368718828

Epoch 1/30
 - 24s - loss: 23.2684 - decoder_out_loss: 0.0385 - recons_output_loss: 1.9187 - decoder_2_out_loss: 0.1750

P1空间计算 0.44350795651488895 0.30085418454834345
P2空间计算 0.42517921852843865 0.2931143509023946

Epoch 2/30
 - 22s - loss: 11.8957 - decoder_out_loss: 0.0376 - recons_output_loss: 1.7844 - decoder_2_out_loss: 0.0635

P1空间计算 0.4404529699070427 0.297917257029524
P2空间计算 0.4150921695289113 0.28620724387939045

Epoch 3/30
 - 23s - loss: 10.5061 - decoder_out_loss: 0.0372 - recons_output_loss: 1.7320 - decoder_2_out_loss: 0.0506

P1空间计算 0.44441468410272567 0.30203432778470507
P2空间计算 0.4092563415786986 0.2786265342867697

Epoch 4/30
 - 23s - loss: 9.7943 - decoder_out_loss: 0.0353 - recons_output_loss: 1.7228 - decoder_2_out_loss: 0.0455

P1空间计算 0.44593114857412947 0.30393703414263373
P2空间计算 0.40096699227981725 0.2731330289866513

Epoch 5/30
 - 21s - loss: 9.0400 - decoder_out_loss: 0.0345 - recons_output_loss: 1.5534 - decoder_2_out_loss: 0.0403

P1空间计算 0.44618835670395457 0.30400411209177874
P2空间计算 0.4092472821805577 0.28312988419967183

Epoch 6/30
 - 22s - loss: 9.7622 - decoder_out_loss: 0.0387 - recons_output_loss: 1.5359 - decoder_2_out_loss: 0.0436

P1空间计算 0.4450894123207815 0.3041249581913127
P2空间计算 0.4111182448400819 0.28191593967761497

Epoch 7/30
 - 22s - loss: 8.9118 - decoder_out_loss: 0.0356 - recons_output_loss: 1.4446 - decoder_2_out_loss: 0.0390

P1空间计算 0.4458472506696077 0.3068465288202522
P2空间计算 0.4195915393099102 0.2979517692266037

Epoch 8/30
 - 23s - loss: 8.8966 - decoder_out_loss: 0.0363 - recons_output_loss: 1.5205 - decoder_2_out_loss: 0.0374

P1空间计算 0.4440861824484008 0.30481809756034
P2空间计算 0.4199326453442571 0.2924025909589345

Epoch 9/30
 - 23s - loss: 8.5687 - decoder_out_loss: 0.0354 - recons_output_loss: 1.4371 - decoder_2_out_loss: 0.0359

P1空间计算 0.43684142114384744 0.2957169906893821
P2空间计算 0.407465731841815 0.27928394468461487

Epoch 10/30
 - 23s - loss: 7.7934 - decoder_out_loss: 0.0327 - recons_output_loss: 1.3565 - decoder_2_out_loss: 0.0317

P1空间计算 0.4473538679691192 0.30789328378801306
P2空间计算 0.41680557743815977 0.2923727995160215

Epoch 11/30
 - 22s - loss: 8.4039 - decoder_out_loss: 0.0353 - recons_output_loss: 1.3293 - decoder_2_out_loss: 0.0355

P1空间计算 0.4474716401449504 0.30568255449090537
P2空间计算 0.404703403182606 0.27246058406238727

Epoch 12/30
 - 22s - loss: 7.9750 - decoder_out_loss: 0.0341 - recons_output_loss: 1.3642 - decoder_2_out_loss: 0.0320

P1空间计算 0.44550141799275245 0.30619288949577617
P2空间计算 0.40405191429021586 0.27942704899400567

Epoch 13/30
 - 22s - loss: 8.2377 - decoder_out_loss: 0.0354 - recons_output_loss: 1.3938 - decoder_2_out_loss: 0.0330

P1空间计算 0.4502418465416732 0.3105753003052644
P2空间计算 0.40970419095635735 0.28296871449655725

Epoch 14/30
 - 22s - loss: 7.9752 - decoder_out_loss: 0.0345 - recons_output_loss: 1.3531 - decoder_2_out_loss: 0.0317

P1空间计算 0.445910272569718 0.30606905361060105
P2空间计算 0.4041314794391051 0.2742060250146734

Epoch 15/30
 - 23s - loss: 7.6583 - decoder_out_loss: 0.0332 - recons_output_loss: 1.2958 - decoder_2_out_loss: 0.0304

P1空间计算 0.4434272097053727 0.30294789538610084
P2空间计算 0.4088104616354183 0.2775560259775103

Epoch 16/30
 - 22s - loss: 7.5430 - decoder_out_loss: 0.0324 - recons_output_loss: 1.3224 - decoder_2_out_loss: 0.0298

P1空间计算 0.4445990231605483 0.3070953255630057
P2空间计算 0.3972809988971168 0.26559954730317153

Epoch 17/30
 - 22s - loss: 7.6190 - decoder_out_loss: 0.0331 - recons_output_loss: 1.2611 - decoder_2_out_loss: 0.0305

P1空间计算 0.44211635418307865 0.2997209307502176
P2空间计算 0.4006944225618402 0.2708925106708915

Epoch 18/30
 - 21s - loss: 7.9846 - decoder_out_loss: 0.0337 - recons_output_loss: 1.3362 - decoder_2_out_loss: 0.0328

P1空间计算 0.4444174413108555 0.30350440364706655
P2空间计算 0.4103060501024106 0.27647777400394247

Epoch 19/30
 - 22s - loss: 7.2857 - decoder_out_loss: 0.0322 - recons_output_loss: 1.2203 - decoder_2_out_loss: 0.0285

P1空间计算 0.4384209075153616 0.29857030524141637
P2空间计算 0.3906294312273515 0.2580095488732977

Epoch 20/30
 - 22s - loss: 7.3056 - decoder_out_loss: 0.0326 - recons_output_loss: 1.2696 - decoder_2_out_loss: 0.0277

P1空间计算 0.44136757523239323 0.29922990775908775
P2空间计算 0.40241216322672124 0.26393320772087436

Epoch 21/30
 - 22s - loss: 7.0548 - decoder_out_loss: 0.0312 - recons_output_loss: 1.2670 - decoder_2_out_loss: 0.0267

P1空间计算 0.44408224357964393 0.3027317312517516
P2空间计算 0.4250980778320467 0.2911316972396219

Epoch 22/30
 - 23s - loss: 7.1565 - decoder_out_loss: 0.0318 - recons_output_loss: 1.1417 - decoder_2_out_loss: 0.0284

P1空间计算 0.44240074050732625 0.3017764819100167
P2空间计算 0.39482511422719396 0.26089500653503545

Epoch 23/30
 - 23s - loss: 7.0486 - decoder_out_loss: 0.0321 - recons_output_loss: 1.1053 - decoder_2_out_loss: 0.0273

P1空间计算 0.440533716716559 0.30244892224777636
P2空间计算 0.39328856152513003 0.2611645233878594

Epoch 24/30
 - 23s - loss: 6.6191 - decoder_out_loss: 0.0296 - recons_output_loss: 0.9712 - decoder_2_out_loss: 0.0268

P1空间计算 0.43821214747124626 0.2987139410061925
P2空间计算 0.3922589412320782 0.258349809903498

Epoch 25/30
 - 23s - loss: 6.7700 - decoder_out_loss: 0.0321 - recons_output_loss: 0.9934 - decoder_2_out_loss: 0.0257

P1空间计算 0.43461241531432165 0.2958230431026789
P2空间计算 0.39241334488734836 0.26541617087487923

Epoch 26/30
 - 22s - loss: 6.7938 - decoder_out_loss: 0.0311 - recons_output_loss: 0.9303 - decoder_2_out_loss: 0.0275

P1空间计算 0.43906648810461635 0.29951945408378366
P2空间计算 0.4109130297778478 0.27864758089613906

Epoch 27/30
 - 21s - loss: 6.0799 - decoder_out_loss: 0.0288 - recons_output_loss: 0.9155 - decoder_2_out_loss: 0.0229

P1空间计算 0.4417240428548921 0.30155100699529197
P2空间计算 0.4252808413423665 0.28696415604220277

Epoch 28/30
 - 22s - loss: 6.1597 - decoder_out_loss: 0.0298 - recons_output_loss: 0.7999 - decoder_2_out_loss: 0.0238

P1空间计算 0.44216283283440994 0.302122005808512
P2空间计算 0.4106640932724121 0.2739291775327426

Epoch 29/30
 - 23s - loss: 6.1451 - decoder_out_loss: 0.0299 - recons_output_loss: 0.7033 - decoder_2_out_loss: 0.0245

P1空间计算 0.43366590515204034 0.2946545587002864
P2空间计算 0.3987494091696865 0.2664485209933542

Epoch 30/30
 - 23s - loss: 6.0904 - decoder_out_loss: 0.0302 - recons_output_loss: 0.6167 - decoder_2_out_loss: 0.0246

P1空间计算 0.43994800693240893 0.3005367604810481
P2空间计算 0.4281144635260753 0.2919522434159749


P1空间计算 0.440017724909406 0.30072729615041166
P2空间计算 0.42843508744288644 0.292321062341843
