train num is 62787
test  num is 12694

P1空间计算 0.04822632739877107 0.006982683455199948
P2空间计算 0.0563214904679376 0.008337872687379556

Epoch 1/30
 - 24s - loss: 45.7116 - decoder_out_loss: 0.8797 - recons_output_loss: 44.8319 - decoder_2_out_loss: 1.6449

P1空间计算 0.32167047423979833 0.18598207907380113
P2空间计算 0.23607176618875056 0.10170241049420901

Epoch 2/30
 - 23s - loss: 5.6607 - decoder_out_loss: 0.2763 - recons_output_loss: 5.3845 - decoder_2_out_loss: 1.3656

P1空间计算 0.360712541358122 0.22540069362906429
P2空间计算 0.2768142429494249 0.13835426453185706

Epoch 3/30
 - 21s - loss: 7.0679 - decoder_out_loss: 0.2056 - recons_output_loss: 6.8624 - decoder_2_out_loss: 1.3033

P1空间计算 0.37356428233811245 0.23756465285715514
P2空间计算 0.2884177564203561 0.1471209387406204

Epoch 4/30
 - 23s - loss: 4.4111 - decoder_out_loss: 0.1676 - recons_output_loss: 4.2435 - decoder_2_out_loss: 1.2619

P1空间计算 0.38618441783519775 0.24690276807244665
P2空间计算 0.2914396565306444 0.14721222101356815

Epoch 5/30
 - 24s - loss: 4.0720 - decoder_out_loss: 0.1520 - recons_output_loss: 3.9199 - decoder_2_out_loss: 1.2401

P1空间计算 0.39186781156451866 0.25368229834236555
P2空间计算 0.2996518040018907 0.1536123045091469

Epoch 6/30
 - 25s - loss: 3.2281 - decoder_out_loss: 0.1348 - recons_output_loss: 3.0933 - decoder_2_out_loss: 1.2225

P1空间计算 0.3946923743500867 0.2547544764311612
P2空间计算 0.2969292579171262 0.1528052592349687

Epoch 7/30
 - 25s - loss: 3.3300 - decoder_out_loss: 0.1216 - recons_output_loss: 3.2085 - decoder_2_out_loss: 1.2039

P1空间计算 0.3998676540097684 0.2604024606938372
P2空间计算 0.30162360170159125 0.15807577723434837

Epoch 8/30
 - 23s - loss: 4.2169 - decoder_out_loss: 0.1115 - recons_output_loss: 4.1053 - decoder_2_out_loss: 1.1928

P1空间计算 0.411461714195683 0.2670176901668755
P2空间计算 0.30640853946746494 0.16027408177545893

Epoch 9/30
 - 25s - loss: 2.8504 - decoder_out_loss: 0.1080 - recons_output_loss: 2.7425 - decoder_2_out_loss: 1.1862

P1空间计算 0.404703403182606 0.2604016282731042
P2空间计算 0.30101071372301874 0.15621846868266906

Epoch 10/30
 - 24s - loss: 2.9325 - decoder_out_loss: 0.0985 - recons_output_loss: 2.8339 - decoder_2_out_loss: 1.1738

P1空间计算 0.4084906254923586 0.26511755391512054
P2空间计算 0.30705057507483857 0.16482935308421412

Epoch 11/30
 - 25s - loss: 2.8103 - decoder_out_loss: 0.0940 - recons_output_loss: 2.7162 - decoder_2_out_loss: 1.1700

P1空间计算 0.42181778793130614 0.27866829909923
P2空间计算 0.31600165432487787 0.16901523494360718

Epoch 12/30
 - 23s - loss: 3.0339 - decoder_out_loss: 0.0870 - recons_output_loss: 2.9469 - decoder_2_out_loss: 1.1595

P1空间计算 0.41840672758783676 0.2762797928212846
P2空间计算 0.30770521506223414 0.1629847825313488

Epoch 13/30
 - 23s - loss: 2.5553 - decoder_out_loss: 0.0860 - recons_output_loss: 2.4693 - decoder_2_out_loss: 1.1570

P1空间计算 0.42154876319521034 0.2778428870111817
P2空间计算 0.3023530801953679 0.15742099385818414

Epoch 14/30
 - 25s - loss: 3.1652 - decoder_out_loss: 0.0826 - recons_output_loss: 3.0826 - decoder_2_out_loss: 1.1525

P1空间计算 0.42317118323617453 0.28077707611131114
P2空间计算 0.3104604537576808 0.16653538058015105

Epoch 15/30
 - 22s - loss: 3.9375 - decoder_out_loss: 0.0771 - recons_output_loss: 3.8604 - decoder_2_out_loss: 1.1448

P1空间计算 0.42735347408224356 0.2828013864442384
P2空间计算 0.3103970379706948 0.16590716092720736

Epoch 16/30
 - 22s - loss: 2.7754 - decoder_out_loss: 0.0725 - recons_output_loss: 2.7028 - decoder_2_out_loss: 1.1402

P1空间计算 0.42728690720025203 0.28234630733722044
P2空间计算 0.31021309279974796 0.16426572826671573

Epoch 17/30
 - 22s - loss: 2.4288 - decoder_out_loss: 0.0723 - recons_output_loss: 2.3564 - decoder_2_out_loss: 1.1398

P1空间计算 0.4281593666299039 0.2831449876797943
P2空间计算 0.3066027256971798 0.16163569163567368

Epoch 18/30
 - 22s - loss: 2.6217 - decoder_out_loss: 0.0681 - recons_output_loss: 2.5536 - decoder_2_out_loss: 1.1342

P1空间计算 0.4265278871907988 0.2796712232701185
P2空间计算 0.30263628485898847 0.15698038576086765

Epoch 19/30
 - 22s - loss: 2.6172 - decoder_out_loss: 0.0667 - recons_output_loss: 2.5505 - decoder_2_out_loss: 1.1296

P1空间计算 0.43259020009453286 0.2875104910500782
P2空间计算 0.3076193477233339 0.16296142214786957

Epoch 20/30
 - 23s - loss: 2.4625 - decoder_out_loss: 0.0651 - recons_output_loss: 2.3974 - decoder_2_out_loss: 1.1290

P1空间计算 0.4297542145895699 0.28622562237849053
P2空间计算 0.308556010713723 0.16342854687761743

Epoch 21/30
 - 23s - loss: 2.7575 - decoder_out_loss: 0.0627 - recons_output_loss: 2.6948 - decoder_2_out_loss: 1.1225

P1空间计算 0.42852883251930046 0.2864537443342273
P2空间计算 0.31011265164644713 0.16771864502820688

Epoch 22/30
 - 23s - loss: 2.4868 - decoder_out_loss: 0.0619 - recons_output_loss: 2.4249 - decoder_2_out_loss: 1.1212

P1空间计算 0.43130573499291003 0.2861077044984189
P2空间计算 0.3100909878682842 0.16566388377187638

Epoch 23/30
 - 25s - loss: 2.2590 - decoder_out_loss: 0.0596 - recons_output_loss: 2.1993 - decoder_2_out_loss: 1.1224

P1空间计算 0.4298715928785253 0.28733375749258044
P2空间计算 0.30035843705687726 0.15582942588957083

Epoch 24/30
 - 24s - loss: 2.2264 - decoder_out_loss: 0.0598 - recons_output_loss: 2.1666 - decoder_2_out_loss: 1.1185

P1空间计算 0.43461596029620303 0.29112060063085543
P2空间计算 0.30127422404285487 0.15708117523654963

Epoch 25/30
 - 24s - loss: 2.2252 - decoder_out_loss: 0.0564 - recons_output_loss: 2.1688 - decoder_2_out_loss: 1.1149

P1空间计算 0.43756932409012134 0.29477516804638493
P2空间计算 0.3055022057665039 0.16306108585587076

Epoch 26/30
 - 23s - loss: 2.3089 - decoder_out_loss: 0.0559 - recons_output_loss: 2.2530 - decoder_2_out_loss: 1.1110

P1空间计算 0.4304876319521034 0.28809919164784986
P2空间计算 0.2999015282810777 0.1574267472773215

Epoch 27/30
 - 23s - loss: 2.2960 - decoder_out_loss: 0.0540 - recons_output_loss: 2.2420 - decoder_2_out_loss: 1.1121

P1空间计算 0.43794666771703167 0.29503774065614197
P2空间计算 0.30703994012919494 0.16494369713182666

Epoch 28/30
 - 24s - loss: 2.2025 - decoder_out_loss: 0.0516 - recons_output_loss: 2.1509 - decoder_2_out_loss: 1.1126

P1空间计算 0.4379592720970537 0.2963557748961979
P2空间计算 0.3076610997321569 0.16563286117322254

Epoch 29/30
 - 23s - loss: 2.1051 - decoder_out_loss: 0.0504 - recons_output_loss: 2.0546 - decoder_2_out_loss: 1.1089

P1空间计算 0.4394312273515047 0.29649587115122905
P2空间计算 0.30334173625334804 0.1613208807931855

Epoch 30/30
 - 23s - loss: 2.1395 - decoder_out_loss: 0.0519 - recons_output_loss: 2.0876 - decoder_2_out_loss: 1.1072

P1空间计算 0.4325681424294942 0.2887044840609657
P2空间计算 0.30571608634000313 0.1624302864957995

Epoch 1/30
 - 24s - loss: 2.3615 - decoder_out_loss: 0.0512 - recons_output_loss: 2.1564 - decoder_2_out_loss: 0.1539

P1空间计算 0.4319442256184024 0.2882553820159672
P2空间计算 0.42793839609264217 0.29646189821988306

Epoch 2/30
 - 24s - loss: 1.8206 - decoder_out_loss: 0.0488 - recons_output_loss: 1.7181 - decoder_2_out_loss: 0.0538

P1空间计算 0.43718370883882146 0.293987031490848
P2空间计算 0.4371053253505593 0.3084567323905037

Epoch 3/30
 - 25s - loss: 2.0264 - decoder_out_loss: 0.0476 - recons_output_loss: 1.9356 - decoder_2_out_loss: 0.0432

P1空间计算 0.4401473136915078 0.29610051012662736
P2空间计算 0.4340066172995116 0.3058910366115993

Epoch 4/30
 - 23s - loss: 1.7959 - decoder_out_loss: 0.0495 - recons_output_loss: 1.7049 - decoder_2_out_loss: 0.0416

P1空间计算 0.4357818654482433 0.29073725502454123
P2空间计算 0.4398641090278872 0.3075941607414305

Epoch 5/30
 - 24s - loss: 1.6513 - decoder_out_loss: 0.0470 - recons_output_loss: 1.5670 - decoder_2_out_loss: 0.0373

P1空间计算 0.4396143847487001 0.2964396897774884
P2空间计算 0.4370679060973688 0.3099777670477554

Epoch 6/30
 - 23s - loss: 1.8493 - decoder_out_loss: 0.0495 - recons_output_loss: 1.7605 - decoder_2_out_loss: 0.0393

P1空间计算 0.43643177879313055 0.2909874925849302
P2空间计算 0.43581692138017963 0.3053999792796374

Epoch 7/30
 - 23s - loss: 1.7735 - decoder_out_loss: 0.0460 - recons_output_loss: 1.6954 - decoder_2_out_loss: 0.0320

P1空间计算 0.43355049629746334 0.2910669213764701
P2空间计算 0.4216641720497873 0.29659152102765357

Epoch 8/30
 - 22s - loss: 1.7323 - decoder_out_loss: 0.0450 - recons_output_loss: 1.6564 - decoder_2_out_loss: 0.0309

P1空间计算 0.43513234599023165 0.2900748537259056
P2空间计算 0.4327934457223885 0.2949020389703546

Epoch 9/30
 - 24s - loss: 1.6802 - decoder_out_loss: 0.0447 - recons_output_loss: 1.6065 - decoder_2_out_loss: 0.0290

P1空间计算 0.4380813770285174 0.2922202815479766
P2空间计算 0.43119150779896015 0.2952737276872598

Epoch 10/30
 - 22s - loss: 1.6299 - decoder_out_loss: 0.0446 - recons_output_loss: 1.5568 - decoder_2_out_loss: 0.0286

P1空间计算 0.4373471718922325 0.2930546117186387
P2空间计算 0.42545927209705375 0.29353805644430314

Epoch 11/30
 - 22s - loss: 1.6341 - decoder_out_loss: 0.0457 - recons_output_loss: 1.5571 - decoder_2_out_loss: 0.0313

P1空间计算 0.437076571608634 0.29466266694213233
P2空间计算 0.4211076098944383 0.2862047209055642

Epoch 12/30
 - 23s - loss: 1.5346 - decoder_out_loss: 0.0462 - recons_output_loss: 1.4589 - decoder_2_out_loss: 0.0295

P1空间计算 0.43990940601859146 0.29640659688954407
P2空间计算 0.4141728375610525 0.2782399679774963

Epoch 13/30
 - 23s - loss: 1.5849 - decoder_out_loss: 0.0430 - recons_output_loss: 1.5141 - decoder_2_out_loss: 0.0278

P1空间计算 0.4401339215377344 0.29612516963605845
P2空间计算 0.42136166692925786 0.2856145740764056

Epoch 14/30
 - 23s - loss: 1.4750 - decoder_out_loss: 0.0423 - recons_output_loss: 1.4068 - decoder_2_out_loss: 0.0259

P1空间计算 0.4384815660942178 0.2945669104719598
P2空间计算 0.39772490940601857 0.26371236166327316

Epoch 15/30
 - 24s - loss: 1.3934 - decoder_out_loss: 0.0427 - recons_output_loss: 1.3244 - decoder_2_out_loss: 0.0263

P1空间计算 0.43981250984717185 0.29450346037757363
P2空间计算 0.4159027887190798 0.2754408106709391

Epoch 16/30
 - 22s - loss: 1.3343 - decoder_out_loss: 0.0421 - recons_output_loss: 1.2654 - decoder_2_out_loss: 0.0268

P1空间计算 0.43824877895068537 0.2954602985443612
P2空间计算 0.39825508114069635 0.2639450141601004

Epoch 17/30
 - 23s - loss: 1.4178 - decoder_out_loss: 0.0408 - recons_output_loss: 1.3522 - decoder_2_out_loss: 0.0248

P1空间计算 0.43731172207342056 0.2924074771462019
P2空间计算 0.4159319363478809 0.27388161398797756

Epoch 18/30
 - 23s - loss: 1.4057 - decoder_out_loss: 0.0417 - recons_output_loss: 1.3394 - decoder_2_out_loss: 0.0246

P1空间计算 0.43868284228769494 0.2966922095924153
P2空间计算 0.4171120214274461 0.28287233221724317

Epoch 19/30
 - 25s - loss: 1.4999 - decoder_out_loss: 0.0422 - recons_output_loss: 1.4340 - decoder_2_out_loss: 0.0237

P1空间计算 0.438613124310698 0.29617607254531125
P2空间计算 0.41945801165905156 0.28534531677825675

Epoch 20/30
 - 24s - loss: 1.4572 - decoder_out_loss: 0.0423 - recons_output_loss: 1.3909 - decoder_2_out_loss: 0.0240

P1空间计算 0.44321293524499766 0.3018864810671916
P2空间计算 0.43529029462738306 0.30367700287725835

Epoch 21/30
 - 25s - loss: 1.3543 - decoder_out_loss: 0.0416 - recons_output_loss: 1.2884 - decoder_2_out_loss: 0.0242

P1空间计算 0.43652591775642036 0.29191987324178337
P2空间计算 0.4243599338270049 0.284307309492046

Epoch 22/30
 - 22s - loss: 1.2828 - decoder_out_loss: 0.0409 - recons_output_loss: 1.2183 - decoder_2_out_loss: 0.0236

P1空间计算 0.4366180872853317 0.29359359565890175
P2空间计算 0.40012525602646926 0.2684956536760924

Epoch 23/30
 - 22s - loss: 1.3791 - decoder_out_loss: 0.0402 - recons_output_loss: 1.3159 - decoder_2_out_loss: 0.0230

P1空间计算 0.43789782574444613 0.2959246522297631
P2空间计算 0.4063663935717662 0.27175978444070376

Epoch 24/30
 - 22s - loss: 1.2835 - decoder_out_loss: 0.0388 - recons_output_loss: 1.2232 - decoder_2_out_loss: 0.0215

P1空间计算 0.4369052308177092 0.29438407890757534
P2空间计算 0.4054659681739404 0.27404314108805056

Epoch 25/30
 - 22s - loss: 1.3314 - decoder_out_loss: 0.0411 - recons_output_loss: 1.2658 - decoder_2_out_loss: 0.0245

P1空间计算 0.4384587206554278 0.29374568636436327
P2空间计算 0.4047250669607689 0.2734658113601636

Epoch 26/30
 - 23s - loss: 1.2911 - decoder_out_loss: 0.0388 - recons_output_loss: 1.2304 - decoder_2_out_loss: 0.0219

P1空间计算 0.437900582952576 0.2936575233931519
P2空间计算 0.43612494091696863 0.2995472203862451

Epoch 27/30
 - 23s - loss: 1.2884 - decoder_out_loss: 0.0388 - recons_output_loss: 1.2283 - decoder_2_out_loss: 0.0213

P1空间计算 0.4378927052150623 0.2957083416422675
P2空间计算 0.4215353710414369 0.2884749013962667

Epoch 28/30
 - 23s - loss: 1.1908 - decoder_out_loss: 0.0387 - recons_output_loss: 1.1304 - decoder_2_out_loss: 0.0217

P1空间计算 0.4390932724121633 0.29523284955679063
P2空间计算 0.43490349771545606 0.30103659373101194

Epoch 29/30
 - 23s - loss: 1.1464 - decoder_out_loss: 0.0392 - recons_output_loss: 1.0850 - decoder_2_out_loss: 0.0222

P1空间计算 0.43999881833937293 0.2950807217650468
P2空间计算 0.42798329919647077 0.29180191446582016

Epoch 30/30
 - 23s - loss: 1.1294 - decoder_out_loss: 0.0380 - recons_output_loss: 1.0688 - decoder_2_out_loss: 0.0227

P1空间计算 0.4388006144635261 0.2949021685138464
P2空间计算 0.4267551599180715 0.2953397986816196


P1空间计算 0.4387092327083662 0.2948683187609575
P2空间计算 0.42671971009925946 0.29532539033606764
