train num is 62787
test  num is 12694

P1空间计算 0.047329840869702225 0.008371537478395258
P2空间计算 0.04660390735780683 0.0062205206470861175

Epoch 1/30
 - 27s - loss: 64.7653 - decoder_out_loss: 0.8721 - recons_output_loss: 56.0440 - decoder_2_out_loss: 1.9047

P1空间计算 0.3299460374980306 0.19566903783049594
P2空间计算 0.29837718607216 0.17041603448903064

Epoch 2/30
 - 27s - loss: 18.6435 - decoder_out_loss: 0.2754 - recons_output_loss: 15.8890 - decoder_2_out_loss: 1.8195

P1空间计算 0.3644036552702064 0.23194166182051615
P2空间计算 0.3270513628485899 0.2010698860489395

Epoch 3/30
 - 28s - loss: 13.7224 - decoder_out_loss: 0.2026 - recons_output_loss: 11.6965 - decoder_2_out_loss: 1.7958

P1空间计算 0.375538837245943 0.23549338642839998
P2空间计算 0.33980384433590677 0.21039976411617028

Epoch 4/30
 - 27s - loss: 11.9202 - decoder_out_loss: 0.1681 - recons_output_loss: 10.2397 - decoder_2_out_loss: 1.7828

P1空间计算 0.38177997479124 0.24451203699906326
P2空间计算 0.340759413896329 0.21301373893482387

Epoch 5/30
 - 25s - loss: 10.9724 - decoder_out_loss: 0.1494 - recons_output_loss: 9.4787 - decoder_2_out_loss: 1.7751

P1空间计算 0.3912742240428549 0.25163720270090295
P2空间计算 0.346838270048842 0.21524488174301762

Epoch 6/30
 - 26s - loss: 10.5104 - decoder_out_loss: 0.1327 - recons_output_loss: 9.1833 - decoder_2_out_loss: 1.7706

P1空间计算 0.39906215534898376 0.26042283322087645
P2空间计算 0.3597069481644872 0.22900263764138987

Epoch 7/30
 - 27s - loss: 10.8351 - decoder_out_loss: 0.1199 - recons_output_loss: 9.6361 - decoder_2_out_loss: 1.7649

P1空间计算 0.4054624231920592 0.2632296475184619
P2空间计算 0.36370805104773907 0.23038473891423447

Epoch 8/30
 - 27s - loss: 10.2527 - decoder_out_loss: 0.1129 - recons_output_loss: 9.1239 - decoder_2_out_loss: 1.7615

P1空间计算 0.40464156294312276 0.2637660881941117
P2空间计算 0.36624231920592404 0.23435581326470312

Epoch 9/30
 - 26s - loss: 9.6048 - decoder_out_loss: 0.1059 - recons_output_loss: 8.5456 - decoder_2_out_loss: 1.7592

P1空间计算 0.4140231605482906 0.2723089155591447
P2空间计算 0.3674669135024421 0.23614695028045746

Epoch 10/30
 - 26s - loss: 9.0516 - decoder_out_loss: 0.0994 - recons_output_loss: 8.0579 - decoder_2_out_loss: 1.7579

P1空间计算 0.41401961556640937 0.2720101929797612
P2空间计算 0.36948873483535527 0.2360458431573536

Epoch 11/30
 - 26s - loss: 8.6204 - decoder_out_loss: 0.0934 - recons_output_loss: 7.6866 - decoder_2_out_loss: 1.7551

P1空间计算 0.41480541988340947 0.2718406109999288
P2空间计算 0.36829250039388683 0.23318420536839585

Epoch 12/30
 - 26s - loss: 9.1833 - decoder_out_loss: 0.0897 - recons_output_loss: 8.2862 - decoder_2_out_loss: 1.7531

P1空间计算 0.42108003781313996 0.2766727453130657
P2空间计算 0.37550496297463365 0.24030700610024416

Epoch 13/30
 - 25s - loss: 8.8283 - decoder_out_loss: 0.0848 - recons_output_loss: 7.9807 - decoder_2_out_loss: 1.7519

P1空间计算 0.42073853789191745 0.27783075547229885
P2空间计算 0.37229045218213325 0.23985089811986116

Epoch 14/30
 - 25s - loss: 8.1960 - decoder_out_loss: 0.0811 - recons_output_loss: 7.3854 - decoder_2_out_loss: 1.7499

P1空间计算 0.4228824641562944 0.2801827937581308
P2空间计算 0.3740326138333071 0.23914056339919718

Epoch 15/30
 - 25s - loss: 7.8533 - decoder_out_loss: 0.0758 - recons_output_loss: 7.0957 - decoder_2_out_loss: 1.7493

P1空间计算 0.42659209075153615 0.28569941955806516
P2空间计算 0.3810170159130298 0.24901849048668528

Epoch 16/30
 - 25s - loss: 7.6875 - decoder_out_loss: 0.0750 - recons_output_loss: 6.9371 - decoder_2_out_loss: 1.7502

P1空间计算 0.42135615251299824 0.2796865346171717
P2空间计算 0.3712265637308965 0.23864994353853394

Epoch 17/30
 - 25s - loss: 7.5942 - decoder_out_loss: 0.0717 - recons_output_loss: 6.8767 - decoder_2_out_loss: 1.7487

P1空间计算 0.42493934142114387 0.2831672859323644
P2空间计算 0.37871120214274456 0.24504674194310605

Epoch 18/30
 - 25s - loss: 7.3103 - decoder_out_loss: 0.0695 - recons_output_loss: 6.6158 - decoder_2_out_loss: 1.7477

P1空间计算 0.4289105089018434 0.2881022821484707
P2空间计算 0.37797305813770293 0.24501122325271976

Epoch 19/30
 - 25s - loss: 7.7649 - decoder_out_loss: 0.0664 - recons_output_loss: 7.1013 - decoder_2_out_loss: 1.7453

P1空间计算 0.42965416732314476 0.2868370788221838
P2空间计算 0.37912951000472667 0.24538223191923741

Epoch 20/30
 - 25s - loss: 7.4298 - decoder_out_loss: 0.0638 - recons_output_loss: 6.7917 - decoder_2_out_loss: 1.7455

P1空间计算 0.4299357964392626 0.28725196733957553
P2空间计算 0.37819481644871594 0.24383685931694138

Epoch 21/30
 - 26s - loss: 7.1877 - decoder_out_loss: 0.0621 - recons_output_loss: 6.5665 - decoder_2_out_loss: 1.7448

P1空间计算 0.42992988813612737 0.2863891070568407
P2空间计算 0.3794119268945959 0.24410116183019723

Epoch 22/30
 - 24s - loss: 6.8335 - decoder_out_loss: 0.0606 - recons_output_loss: 6.2278 - decoder_2_out_loss: 1.7432

P1空间计算 0.4328958563100678 0.28971828256095167
P2空间计算 0.38006262801323465 0.24438376509851584

Epoch 23/30
 - 26s - loss: 7.5388 - decoder_out_loss: 0.0604 - recons_output_loss: 6.9352 - decoder_2_out_loss: 1.7433

P1空间计算 0.4344048369308335 0.2915715391025693
P2空间计算 0.38145698755317475 0.24636415392293168

Epoch 24/30
 - 25s - loss: 6.9301 - decoder_out_loss: 0.0582 - recons_output_loss: 6.3481 - decoder_2_out_loss: 1.7425

P1空间计算 0.433345675122105 0.2921780190440759
P2空间计算 0.3805636521191114 0.24675918317132908

Epoch 25/30
 - 26s - loss: 6.7702 - decoder_out_loss: 0.0576 - recons_output_loss: 6.1942 - decoder_2_out_loss: 1.7442

P1空间计算 0.4305778320466362 0.2877048734811914
P2空间计算 0.376299432802899 0.24187341562942133

Epoch 26/30
 - 26s - loss: 6.6027 - decoder_out_loss: 0.0553 - recons_output_loss: 6.0501 - decoder_2_out_loss: 1.7423

P1空间计算 0.43439932251457375 0.2901821219697359
P2空间计算 0.38289506853631633 0.24558208476218363

Epoch 27/30
 - 25s - loss: 6.6992 - decoder_out_loss: 0.0558 - recons_output_loss: 6.1417 - decoder_2_out_loss: 1.7439

P1空间计算 0.4348877422404286 0.29238076319765605
P2空间计算 0.37955884669922807 0.24501184210131857

Epoch 28/30
 - 25s - loss: 6.9516 - decoder_out_loss: 0.0542 - recons_output_loss: 6.4092 - decoder_2_out_loss: 1.7436

P1空间计算 0.4340739719552545 0.29019096647206727
P2空间计算 0.3819875531747282 0.24526865738765524

Epoch 29/30
 - 26s - loss: 6.6895 - decoder_out_loss: 0.0506 - recons_output_loss: 6.1832 - decoder_2_out_loss: 1.7418

P1空间计算 0.4326303765558531 0.2902580024665017
P2空间计算 0.3794536789034189 0.24528852723657985

Epoch 30/30
 - 25s - loss: 6.3247 - decoder_out_loss: 0.0524 - recons_output_loss: 5.8006 - decoder_2_out_loss: 1.7412

P1空间计算 0.43370096108397665 0.2912850656886207
P2空间计算 0.3776484953521349 0.24254201132169623

Epoch 1/30
 - 29s - loss: 8.9295 - decoder_out_loss: 0.0476 - recons_output_loss: 5.4063 - decoder_2_out_loss: 0.3048

P1空间计算 0.4341358121947377 0.2918420315786362
P2空间计算 0.43345478178667085 0.3011931230675063

Epoch 2/30
 - 27s - loss: 6.3958 - decoder_out_loss: 0.0445 - recons_output_loss: 5.1400 - decoder_2_out_loss: 0.0811

P1空间计算 0.4385552229399717 0.29651899751692096
P2空间计算 0.44392626437687094 0.311263014310908

Epoch 3/30
 - 25s - loss: 6.3383 - decoder_out_loss: 0.0469 - recons_output_loss: 5.2560 - decoder_2_out_loss: 0.0613

P1空间计算 0.43155467149834564 0.28979788796056205
P2空间计算 0.42716125728690724 0.2992056288938346

Epoch 4/30
 - 26s - loss: 6.1695 - decoder_out_loss: 0.0452 - recons_output_loss: 5.2148 - decoder_2_out_loss: 0.0503

P1空间计算 0.4301677958090436 0.28678841854846604
P2空间计算 0.4307889554120056 0.3016252052321346

Epoch 5/30
 - 26s - loss: 6.0281 - decoder_out_loss: 0.0449 - recons_output_loss: 5.1493 - decoder_2_out_loss: 0.0430

P1空间计算 0.43297975421458956 0.29173190785222614
P2空间计算 0.43568260595556957 0.30921062192917365

Epoch 6/30
 - 26s - loss: 5.8941 - decoder_out_loss: 0.0448 - recons_output_loss: 5.0357 - decoder_2_out_loss: 0.0411

P1空间计算 0.4303974318575705 0.2877248789059309
P2空间计算 0.4318071529856626 0.30574002328359223

Epoch 7/30
 - 26s - loss: 5.7290 - decoder_out_loss: 0.0445 - recons_output_loss: 4.9096 - decoder_2_out_loss: 0.0374

P1空间计算 0.4329072790294628 0.2931549572190121
P2空间计算 0.44838782101780367 0.3220031606998915

Epoch 8/30
 - 27s - loss: 5.7301 - decoder_out_loss: 0.0451 - recons_output_loss: 4.9238 - decoder_2_out_loss: 0.0355

P1空间计算 0.42941862297148264 0.28843967920189595
P2空间计算 0.43438711202142744 0.3052270896808345

Epoch 9/30
 - 27s - loss: 5.5480 - decoder_out_loss: 0.0427 - recons_output_loss: 4.8068 - decoder_2_out_loss: 0.0315

P1空间计算 0.43306601544036555 0.29071711344031004
P2空间计算 0.4378237750118166 0.30930257068033246

Epoch 10/30
 - 28s - loss: 5.6723 - decoder_out_loss: 0.0442 - recons_output_loss: 4.8934 - decoder_2_out_loss: 0.0337

P1空间计算 0.43043682054513943 0.28535591165531593
P2空间计算 0.43733181030408064 0.3028071004482321

Epoch 11/30
 - 28s - loss: 5.6857 - decoder_out_loss: 0.0445 - recons_output_loss: 4.9125 - decoder_2_out_loss: 0.0328

P1空间计算 0.432546872538207 0.2910554351467832
P2空间计算 0.4320801165905152 0.300934946100027

Epoch 12/30
 - 28s - loss: 5.5551 - decoder_out_loss: 0.0426 - recons_output_loss: 4.8352 - decoder_2_out_loss: 0.0294

P1空间计算 0.4365089806207657 0.2948227087634116
P2空间计算 0.43194934614778635 0.3046747532883042

Epoch 13/30
 - 27s - loss: 5.4205 - decoder_out_loss: 0.0432 - recons_output_loss: 4.6938 - decoder_2_out_loss: 0.0295

P1空间计算 0.43169528911296673 0.2894637242393028
P2空间计算 0.43026587364109026 0.2994684852367776

Epoch 14/30
 - 27s - loss: 5.3364 - decoder_out_loss: 0.0403 - recons_output_loss: 4.6580 - decoder_2_out_loss: 0.0275

P1空间计算 0.4296616511737829 0.28484371368698247
P2空间计算 0.41252323932566565 0.2796457464666972

Epoch 15/30
 - 26s - loss: 5.2796 - decoder_out_loss: 0.0403 - recons_output_loss: 4.6120 - decoder_2_out_loss: 0.0265

P1空间计算 0.42930991019379233 0.28742558029805115
P2空间计算 0.425794863715141 0.2972260744665471

Epoch 16/30
 - 27s - loss: 5.2939 - decoder_out_loss: 0.0420 - recons_output_loss: 4.6118 - decoder_2_out_loss: 0.0263

P1空间计算 0.42908657633527647 0.28653885633892945
P2空间计算 0.4171833149519458 0.2825563794360229

Epoch 17/30
 - 27s - loss: 5.2099 - decoder_out_loss: 0.0411 - recons_output_loss: 4.5397 - decoder_2_out_loss: 0.0259

P1空间计算 0.4295643611154877 0.2877472854246373
P2空间计算 0.43153497715456124 0.2995998566120036

Epoch 18/30
 - 27s - loss: 5.1944 - decoder_out_loss: 0.0415 - recons_output_loss: 4.5282 - decoder_2_out_loss: 0.0251

P1空间计算 0.4285619190168583 0.28637097768696146
P2空间计算 0.4265838191271467 0.2909524603992764

Epoch 19/30
 - 28s - loss: 5.1870 - decoder_out_loss: 0.0405 - recons_output_loss: 4.5176 - decoder_2_out_loss: 0.0265

P1空间计算 0.4353529226406176 0.2928242177509647
P2空间计算 0.43340003151095 0.30053417828967527

Epoch 20/30
 - 26s - loss: 4.9148 - decoder_out_loss: 0.0383 - recons_output_loss: 4.3025 - decoder_2_out_loss: 0.0229

P1空间计算 0.42867535843705684 0.28598710061640215
P2空间计算 0.42427997479123997 0.2912407710765788

Epoch 21/30
 - 27s - loss: 4.9027 - decoder_out_loss: 0.0386 - recons_output_loss: 4.2853 - decoder_2_out_loss: 0.0231

P1空间计算 0.4330601071372302 0.2901528135780473
P2空间计算 0.4328970379706948 0.3006396613440939

Epoch 22/30
 - 27s - loss: 4.7984 - decoder_out_loss: 0.0399 - recons_output_loss: 4.1530 - decoder_2_out_loss: 0.0247

P1空间计算 0.4348991649598235 0.291481850968296
P2空间计算 0.4313955412005672 0.2965082894266029

Epoch 23/30
 - 26s - loss: 4.7334 - decoder_out_loss: 0.0388 - recons_output_loss: 4.1077 - decoder_2_out_loss: 0.0238

P1空间计算 0.43496573184181503 0.2919995721102038
P2空间计算 0.4406195840554593 0.30543069395405653

Epoch 24/30
 - 26s - loss: 4.6914 - decoder_out_loss: 0.0380 - recons_output_loss: 4.0879 - decoder_2_out_loss: 0.0224

P1空间计算 0.42844808570978415 0.2843738576086522
P2空间计算 0.4167220734205136 0.27883776611774425

Epoch 25/30
 - 27s - loss: 4.6321 - decoder_out_loss: 0.0382 - recons_output_loss: 4.0168 - decoder_2_out_loss: 0.0233

P1空间计算 0.4252855679848747 0.28349260483423167
P2空间计算 0.42372301874901525 0.29041556231814925

Epoch 26/30
 - 27s - loss: 4.6622 - decoder_out_loss: 0.0387 - recons_output_loss: 4.0474 - decoder_2_out_loss: 0.0228

P1空间计算 0.4295746021742556 0.2874325826055559
P2空间计算 0.4177997479123995 0.2834382571305649

Epoch 27/30
 - 27s - loss: 4.6019 - decoder_out_loss: 0.0369 - recons_output_loss: 4.0217 - decoder_2_out_loss: 0.0211

P1空间计算 0.43040570348195994 0.2882251414494105
P2空间计算 0.41630652276666136 0.2813891909672699

Epoch 28/30
 - 26s - loss: 4.4081 - decoder_out_loss: 0.0375 - recons_output_loss: 3.8249 - decoder_2_out_loss: 0.0208

P1空间计算 0.43007247518512687 0.2875052942495257
P2空间计算 0.4153304710887033 0.2779560723304169

Epoch 29/30
 - 27s - loss: 4.3750 - decoder_out_loss: 0.0366 - recons_output_loss: 3.8098 - decoder_2_out_loss: 0.0199

P1空间计算 0.4293504805419884 0.2879622712097049
P2空间计算 0.42319757365684574 0.28746372089093186

Epoch 30/30
 - 27s - loss: 4.3655 - decoder_out_loss: 0.0361 - recons_output_loss: 3.7935 - decoder_2_out_loss: 0.0212

P1空间计算 0.43194934614778635 0.28967664532416865
P2空间计算 0.4260820072475185 0.2912143465145083


P1空间计算 0.4322628801008351 0.28988282637460433
P2空间计算 0.4265393099101938 0.2916066697017132